[2025-07-19 02:20:29] 📥 Dados recebidos do PayHubr
Dados: {
    "raw": "{\"orderId\":\"396ba99e-a5ff-48be-b888-ece43623673f\",\"platform\":\"MinhaPlataforma\",\"paymentMethod\":\"pix\",\"status\":\"waiting_payment\",\"createdAt\":\"2025-07-18 23:20:29\",\"approvedDate\":null,\"refundedAt\":null,\"customer\":{\"name\":\"Helena Lima Oliveira\",\"email\":\"helena.lima.oliveira@email.com\",\"phone\":null,\"document\":\"36536312201\",\"country\":\"BR\",\"ip\":\"77.111.246.36\"},\"products\":[{\"id\":\"PROD_687b00ed04256\",\"name\":\"Produto 25.74\",\"planId\":null,\"planName\":null,\"quantity\":1,\"priceInCents\":2574}],\"trackingParameters\":[],\"commission\":{\"totalPriceInCents\":2574,\"gatewayFeeInCents\":0,\"userCommissionInCents\":2574},\"isTest\":false}"
}
----------------------------------------
[2025-07-19 02:20:29] 🔄 Processando dados recebidos
Dados: {
    "orderId": "396ba99e-a5ff-48be-b888-ece43623673f",
    "platform": "MinhaPlataforma",
    "paymentMethod": "pix",
    "status": "waiting_payment",
    "createdAt": "2025-07-18 23:20:29",
    "approvedDate": null,
    "refundedAt": null,
    "customer": {
        "name": "Helena Lima Oliveira",
        "email": "helena.lima.oliveira@email.com",
        "phone": null,
        "document": "36536312201",
        "country": "BR",
        "ip": "77.111.246.36"
    },
    "products": [
        {
            "id": "PROD_687b00ed04256",
            "name": "Produto 25.74",
            "planId": null,
            "planName": null,
            "quantity": 1,
            "priceInCents": 2574
        }
    ],
    "trackingParameters": [],
    "commission": {
        "totalPriceInCents": 2574,
        "gatewayFeeInCents": 0,
        "userCommissionInCents": 2574
    },
    "isTest": false
}
----------------------------------------
[2025-07-19 02:20:29] 📤 Dados formatados para Utmify
Dados: {
    "orderId": "396ba99e-a5ff-48be-b888-ece43623673f",
    "platform": "PayHubr",
    "paymentMethod": "pix",
    "status": "waiting_payment",
    "createdAt": "2025-07-19 02:20:29",
    "approvedDate": null,
    "refundedAt": null,
    "customer": {
        "name": "Helena Lima Oliveira",
        "email": "helena.lima.oliveira@email.com",
        "phone": null,
        "document": "36536312201",
        "country": "BR",
        "ip": "45.148.96.49"
    },
    "products": [
        {
            "id": "PROD_687b00ed04256",
            "name": "Produto 25.74",
            "planId": null,
            "planName": null,
            "quantity": 1,
            "priceInCents": 2574
        }
    ],
    "trackingParameters": {
        "src": null,
        "sck": null,
        "utm_source": null,
        "utm_campaign": null,
        "utm_medium": null,
        "utm_content": null,
        "utm_term": null,
        "xcod": null,
        "fbclid": null,
        "gclid": null,
        "ttclid": null
    },
    "commission": {
        "totalPriceInCents": 2574,
        "gatewayFeeInCents": 0,
        "userCommissionInCents": 2574
    },
    "isTest": false
}
----------------------------------------
[2025-07-19 02:20:29] 📡 Enviando requisição para Utmify
Dados: {
    "url": "https:\/\/api.utmify.com.br\/api-credentials\/orders",
    "headers": [
        "Content-Type: application\/json",
        "x-api-token: [REDACTED]"
    ]
}
----------------------------------------
[2025-07-19 02:20:29] ✅ Resposta da API Utmify
Dados: {
    "http_code": 404,
    "response": {
        "OK": false,
        "data": {
            "type": "API_CREDENTIAL"
        },
        "result": "ERROR",
        "statusCode": 404,
        "message": "API_CREDENTIAL_NOT_FOUND"
    }
}
----------------------------------------
[2025-07-19 02:20:29] ❌ Erro
Dados: {
    "message": "Erro na API Utmify. HTTP Code: 404"
}
----------------------------------------
