[2025-09-12 21:42:14] 📥 Dados recebidos do PayHubr
Dados: {
    "raw": "{\"orderId\":\"5CkwOd7KkPuOf99G\",\"platform\":\"MinhaPlataforma\",\"paymentMethod\":\"pix\",\"status\":\"waiting_payment\",\"createdAt\":\"2025-09-12 18:42:14\",\"approvedDate\":null,\"refundedAt\":null,\"customer\":{\"name\":\"Carlos Silva Lopes\",\"email\":\"clienteteste@gmail.com\",\"phone\":null,\"document\":\"88413482402\",\"country\":\"BR\",\"ip\":\"177.137.108.65\"},\"products\":[{\"id\":\"PROD_68c493b69d1ee\",\"name\":\"Produto Front\",\"planId\":null,\"planName\":null,\"quantity\":1,\"priceInCents\":2574,\"agendamento\":null}],\"trackingParameters\":[],\"commission\":{\"totalPriceInCents\":2574,\"gatewayFeeInCents\":0,\"userCommissionInCents\":2574},\"isTest\":false}"
}
----------------------------------------
[2025-09-12 21:42:14] 🔄 Processando dados recebidos
Dados: {
    "orderId": "5CkwOd7KkPuOf99G",
    "platform": "MinhaPlataforma",
    "paymentMethod": "pix",
    "status": "waiting_payment",
    "createdAt": "2025-09-12 18:42:14",
    "approvedDate": null,
    "refundedAt": null,
    "customer": {
        "name": "Carlos Silva Lopes",
        "email": "clienteteste@gmail.com",
        "phone": null,
        "document": "88413482402",
        "country": "BR",
        "ip": "177.137.108.65"
    },
    "products": [
        {
            "id": "PROD_68c493b69d1ee",
            "name": "Produto Front",
            "planId": null,
            "planName": null,
            "quantity": 1,
            "priceInCents": 2574,
            "agendamento": null
        }
    ],
    "trackingParameters": [],
    "commission": {
        "totalPriceInCents": 2574,
        "gatewayFeeInCents": 0,
        "userCommissionInCents": 2574
    },
    "isTest": false
}
----------------------------------------
[2025-09-12 21:42:14] 📤 Dados formatados para Utmify
Dados: {
    "orderId": "5CkwOd7KkPuOf99G",
    "platform": "PayHubr",
    "paymentMethod": "pix",
    "status": "waiting_payment",
    "createdAt": "2025-09-12 21:42:14",
    "approvedDate": null,
    "refundedAt": null,
    "customer": {
        "name": "Carlos Silva Lopes",
        "email": "clienteteste@gmail.com",
        "phone": null,
        "document": "88413482402",
        "country": "BR",
        "ip": "177.154.191.138"
    },
    "products": [
        {
            "id": "PROD_68c493b69d1ee",
            "name": "Produto Front",
            "planId": null,
            "planName": null,
            "quantity": 1,
            "priceInCents": 2574
        }
    ],
    "trackingParameters": {
        "src": null,
        "sck": null,
        "utm_source": null,
        "utm_campaign": null,
        "utm_medium": null,
        "utm_content": null,
        "utm_term": null,
        "xcod": null,
        "fbclid": null,
        "gclid": null,
        "ttclid": null
    },
    "commission": {
        "totalPriceInCents": 2574,
        "gatewayFeeInCents": 0,
        "userCommissionInCents": 2574
    },
    "isTest": false
}
----------------------------------------
[2025-09-12 21:42:14] 📡 Enviando requisição para Utmify
Dados: {
    "url": "https:\/\/api.utmify.com.br\/api-credentials\/orders",
    "headers": [
        "Content-Type: application\/json",
        "x-api-token: [REDACTED]"
    ]
}
----------------------------------------
[2025-09-12 21:42:14] ✅ Resposta da API Utmify
Dados: {
    "http_code": 404,
    "response": {
        "OK": false,
        "data": {
            "type": "API_CREDENTIAL"
        },
        "result": "ERROR",
        "statusCode": 404,
        "message": "API_CREDENTIAL_NOT_FOUND"
    }
}
----------------------------------------
[2025-09-12 21:42:14] ❌ Erro
Dados: {
    "message": "Erro na API Utmify. HTTP Code: 404"
}
----------------------------------------
[2025-09-13 01:11:25] 📥 Dados recebidos do PayHubr
Dados: {
    "raw": "{\"orderId\":\"vlbDMX6J_sbGYd9i\",\"platform\":\"MinhaPlataforma\",\"paymentMethod\":\"pix\",\"status\":\"waiting_payment\",\"createdAt\":\"2025-09-12 22:11:25\",\"approvedDate\":null,\"refundedAt\":null,\"customer\":{\"name\":\"Laura Costa Alves\",\"email\":\"clienteteste@gmail.com\",\"phone\":null,\"document\":\"41935432931\",\"country\":\"BR\",\"ip\":\"177.137.108.65\"},\"products\":[{\"id\":\"PROD_68c4c4bd1eb3b\",\"name\":\"Produto Front\",\"planId\":null,\"planName\":null,\"quantity\":1,\"priceInCents\":2790,\"agendamento\":null}],\"trackingParameters\":[],\"commission\":{\"totalPriceInCents\":2790,\"gatewayFeeInCents\":0,\"userCommissionInCents\":2790},\"isTest\":false}"
}
----------------------------------------
[2025-09-13 01:11:25] 🔄 Processando dados recebidos
Dados: {
    "orderId": "vlbDMX6J_sbGYd9i",
    "platform": "MinhaPlataforma",
    "paymentMethod": "pix",
    "status": "waiting_payment",
    "createdAt": "2025-09-12 22:11:25",
    "approvedDate": null,
    "refundedAt": null,
    "customer": {
        "name": "Laura Costa Alves",
        "email": "clienteteste@gmail.com",
        "phone": null,
        "document": "41935432931",
        "country": "BR",
        "ip": "177.137.108.65"
    },
    "products": [
        {
            "id": "PROD_68c4c4bd1eb3b",
            "name": "Produto Front",
            "planId": null,
            "planName": null,
            "quantity": 1,
            "priceInCents": 2790,
            "agendamento": null
        }
    ],
    "trackingParameters": [],
    "commission": {
        "totalPriceInCents": 2790,
        "gatewayFeeInCents": 0,
        "userCommissionInCents": 2790
    },
    "isTest": false
}
----------------------------------------
[2025-09-13 01:11:25] 📤 Dados formatados para Utmify
Dados: {
    "orderId": "vlbDMX6J_sbGYd9i",
    "platform": "PayHubr",
    "paymentMethod": "pix",
    "status": "waiting_payment",
    "createdAt": "2025-09-13 01:11:25",
    "approvedDate": null,
    "refundedAt": null,
    "customer": {
        "name": "Laura Costa Alves",
        "email": "clienteteste@gmail.com",
        "phone": null,
        "document": "41935432931",
        "country": "BR",
        "ip": "177.154.191.138"
    },
    "products": [
        {
            "id": "PROD_68c4c4bd1eb3b",
            "name": "Produto Front",
            "planId": null,
            "planName": null,
            "quantity": 1,
            "priceInCents": 2790
        }
    ],
    "trackingParameters": {
        "src": null,
        "sck": null,
        "utm_source": null,
        "utm_campaign": null,
        "utm_medium": null,
        "utm_content": null,
        "utm_term": null,
        "xcod": null,
        "fbclid": null,
        "gclid": null,
        "ttclid": null
    },
    "commission": {
        "totalPriceInCents": 2790,
        "gatewayFeeInCents": 0,
        "userCommissionInCents": 2790
    },
    "isTest": false
}
----------------------------------------
[2025-09-13 01:11:25] 📡 Enviando requisição para Utmify
Dados: {
    "url": "https:\/\/api.utmify.com.br\/api-credentials\/orders",
    "headers": [
        "Content-Type: application\/json",
        "x-api-token: [REDACTED]"
    ]
}
----------------------------------------
[2025-09-13 01:11:25] ✅ Resposta da API Utmify
Dados: {
    "http_code": 200,
    "response": {
        "OK": true,
        "data": [],
        "result": "SUCCESS"
    }
}
----------------------------------------
