[2025-05-09 05:03:18] 📥 Dados recebidos do PayHubr
Dados: {
    "raw": "{\"orderId\":\"e118fa38-fc10-4d8f-b5be-ac79d44ba609\",\"platform\":\"MinhaPlataforma\",\"paymentMethod\":\"pix\",\"status\":\"waiting_payment\",\"createdAt\":\"2025-05-09 05:03:18\",\"approvedDate\":null,\"refundedAt\":null,\"customer\":{\"name\":\"Ana Barbosa Souza\",\"email\":\"clienteteste@gmail.com\",\"phone\":null,\"document\":\"17183598373\",\"country\":\"BR\",\"ip\":\"2a09:bac5:5a9:2555::3b8:91\"},\"products\":[{\"id\":\"PROD_681d8c96b34c7\",\"name\":\"Doa\\u00e7\\u00e3o\",\"planId\":null,\"planName\":null,\"quantity\":1,\"priceInCents\":5573}],\"trackingParameters\":[],\"commission\":{\"totalPriceInCents\":5573,\"gatewayFeeInCents\":0,\"userCommissionInCents\":5573},\"isTest\":false}"
}
----------------------------------------
[2025-05-09 05:03:18] 🔄 Processando dados recebidos
Dados: {
    "orderId": "e118fa38-fc10-4d8f-b5be-ac79d44ba609",
    "platform": "MinhaPlataforma",
    "paymentMethod": "pix",
    "status": "waiting_payment",
    "createdAt": "2025-05-09 05:03:18",
    "approvedDate": null,
    "refundedAt": null,
    "customer": {
        "name": "Ana Barbosa Souza",
        "email": "clienteteste@gmail.com",
        "phone": null,
        "document": "17183598373",
        "country": "BR",
        "ip": "2a09:bac5:5a9:2555::3b8:91"
    },
    "products": [
        {
            "id": "PROD_681d8c96b34c7",
            "name": "Doa\u00e7\u00e3o",
            "planId": null,
            "planName": null,
            "quantity": 1,
            "priceInCents": 5573
        }
    ],
    "trackingParameters": [],
    "commission": {
        "totalPriceInCents": 5573,
        "gatewayFeeInCents": 0,
        "userCommissionInCents": 5573
    },
    "isTest": false
}
----------------------------------------
[2025-05-09 05:03:18] 📤 Dados formatados para Utmify
Dados: {
    "orderId": "e118fa38-fc10-4d8f-b5be-ac79d44ba609",
    "platform": "PayHubr",
    "paymentMethod": "pix",
    "status": "waiting_payment",
    "createdAt": "2025-05-09 05:03:18",
    "approvedDate": null,
    "refundedAt": null,
    "customer": {
        "name": "Ana Barbosa Souza",
        "email": "clienteteste@gmail.com",
        "phone": null,
        "document": "17183598373",
        "country": "BR",
        "ip": "2a02:4780:13:1234::99"
    },
    "products": [
        {
            "id": "PROD_681d8c96b34c7",
            "name": "Doa\u00e7\u00e3o",
            "planId": null,
            "planName": null,
            "quantity": 1,
            "priceInCents": 5573
        }
    ],
    "trackingParameters": {
        "src": null,
        "sck": null,
        "utm_source": null,
        "utm_campaign": null,
        "utm_medium": null,
        "utm_content": null,
        "utm_term": null,
        "xcod": null,
        "fbclid": null,
        "gclid": null,
        "ttclid": null
    },
    "commission": {
        "totalPriceInCents": 5573,
        "gatewayFeeInCents": 0,
        "userCommissionInCents": 5573
    },
    "isTest": false
}
----------------------------------------
[2025-05-09 05:03:18] 📡 Enviando requisição para Utmify
Dados: {
    "url": "https:\/\/api.utmify.com.br\/api-credentials\/orders",
    "headers": [
        "Content-Type: application\/json",
        "x-api-token: [REDACTED]"
    ]
}
----------------------------------------
[2025-05-09 05:03:18] ✅ Resposta da API Utmify
Dados: {
    "http_code": 200,
    "response": {
        "OK": true,
        "data": [],
        "result": "SUCCESS"
    }
}
----------------------------------------
