[2025-05-27 23:00:42] 📥 Dados recebidos do PayHubr
Dados: {
    "raw": "{\"orderId\":\"52f48658-96cb-435a-af68-fa18514b3bca\",\"platform\":\"MinhaPlataforma\",\"paymentMethod\":\"pix\",\"status\":\"waiting_payment\",\"createdAt\":\"2025-05-27 20:00:42\",\"approvedDate\":null,\"refundedAt\":null,\"customer\":{\"name\":\"Julia Oliveira Oliveira\",\"email\":\"clienteteste@gmail.com\",\"phone\":null,\"document\":\"12157790543\",\"country\":\"BR\",\"ip\":\"201.43.111.180\"},\"products\":[{\"id\":\"PROD_6836441ae9bc5\",\"name\":\"Doa\\u00e7\\u00e3o\",\"planId\":null,\"planName\":null,\"quantity\":1,\"priceInCents\":5573}],\"trackingParameters\":[],\"commission\":{\"totalPriceInCents\":5573,\"gatewayFeeInCents\":0,\"userCommissionInCents\":5573},\"isTest\":false}"
}
----------------------------------------
[2025-05-27 23:00:42] 🔄 Processando dados recebidos
Dados: {
    "orderId": "52f48658-96cb-435a-af68-fa18514b3bca",
    "platform": "MinhaPlataforma",
    "paymentMethod": "pix",
    "status": "waiting_payment",
    "createdAt": "2025-05-27 20:00:42",
    "approvedDate": null,
    "refundedAt": null,
    "customer": {
        "name": "Julia Oliveira Oliveira",
        "email": "clienteteste@gmail.com",
        "phone": null,
        "document": "12157790543",
        "country": "BR",
        "ip": "201.43.111.180"
    },
    "products": [
        {
            "id": "PROD_6836441ae9bc5",
            "name": "Doa\u00e7\u00e3o",
            "planId": null,
            "planName": null,
            "quantity": 1,
            "priceInCents": 5573
        }
    ],
    "trackingParameters": [],
    "commission": {
        "totalPriceInCents": 5573,
        "gatewayFeeInCents": 0,
        "userCommissionInCents": 5573
    },
    "isTest": false
}
----------------------------------------
[2025-05-27 23:00:42] 📤 Dados formatados para Utmify
Dados: {
    "orderId": "52f48658-96cb-435a-af68-fa18514b3bca",
    "platform": "PayHubr",
    "paymentMethod": "pix",
    "status": "waiting_payment",
    "createdAt": "2025-05-27 23:00:42",
    "approvedDate": null,
    "refundedAt": null,
    "customer": {
        "name": "Julia Oliveira Oliveira",
        "email": "clienteteste@gmail.com",
        "phone": null,
        "document": "12157790543",
        "country": "BR",
        "ip": "45.148.96.49"
    },
    "products": [
        {
            "id": "PROD_6836441ae9bc5",
            "name": "Doa\u00e7\u00e3o",
            "planId": null,
            "planName": null,
            "quantity": 1,
            "priceInCents": 5573
        }
    ],
    "trackingParameters": {
        "src": null,
        "sck": null,
        "utm_source": null,
        "utm_campaign": null,
        "utm_medium": null,
        "utm_content": null,
        "utm_term": null,
        "xcod": null,
        "fbclid": null,
        "gclid": null,
        "ttclid": null
    },
    "commission": {
        "totalPriceInCents": 5573,
        "gatewayFeeInCents": 0,
        "userCommissionInCents": 5573
    },
    "isTest": false
}
----------------------------------------
[2025-05-27 23:00:42] 📡 Enviando requisição para Utmify
Dados: {
    "url": "https:\/\/api.utmify.com.br\/api-credentials\/orders",
    "headers": [
        "Content-Type: application\/json",
        "x-api-token: [REDACTED]"
    ]
}
----------------------------------------
[2025-05-27 23:00:43] ✅ Resposta da API Utmify
Dados: {
    "http_code": 200,
    "response": {
        "OK": true,
        "data": [],
        "result": "SUCCESS"
    }
}
----------------------------------------
[2025-05-28 02:21:22] 📥 Dados recebidos do PayHubr
Dados: {
    "raw": "{\"orderId\":\"097d2e8b-8673-4738-b223-0fe3c5e3b312\",\"platform\":\"MinhaPlataforma\",\"paymentMethod\":\"pix\",\"status\":\"waiting_payment\",\"createdAt\":\"2025-05-27 23:21:22\",\"approvedDate\":null,\"refundedAt\":null,\"customer\":{\"name\":\"Sophia Ferreira Pereira\",\"email\":\"clienteteste@gmail.com\",\"phone\":null,\"document\":\"71383235066\",\"country\":\"BR\",\"ip\":\"179.63.104.139\"},\"products\":[{\"id\":\"PROD_6836732246b46\",\"name\":\"Doa\\u00e7\\u00e3o\",\"planId\":null,\"planName\":null,\"quantity\":1,\"priceInCents\":5573}],\"trackingParameters\":{\"utm_source\":\"{{utm_source}}\",\"utm_medium\":\"{{utm_medium}}\",\"utm_campaign\":\"{{utm_campaign}}\",\"utm_content\":\"{{utm_content}}\",\"utm_term\":\"{{utm_term}}\",\"xcod\":\"{{xcod}}\"},\"commission\":{\"totalPriceInCents\":5573,\"gatewayFeeInCents\":0,\"userCommissionInCents\":5573},\"isTest\":false}"
}
----------------------------------------
[2025-05-28 02:21:22] 🔄 Processando dados recebidos
Dados: {
    "orderId": "097d2e8b-8673-4738-b223-0fe3c5e3b312",
    "platform": "MinhaPlataforma",
    "paymentMethod": "pix",
    "status": "waiting_payment",
    "createdAt": "2025-05-27 23:21:22",
    "approvedDate": null,
    "refundedAt": null,
    "customer": {
        "name": "Sophia Ferreira Pereira",
        "email": "clienteteste@gmail.com",
        "phone": null,
        "document": "71383235066",
        "country": "BR",
        "ip": "179.63.104.139"
    },
    "products": [
        {
            "id": "PROD_6836732246b46",
            "name": "Doa\u00e7\u00e3o",
            "planId": null,
            "planName": null,
            "quantity": 1,
            "priceInCents": 5573
        }
    ],
    "trackingParameters": {
        "utm_source": "{{utm_source}}",
        "utm_medium": "{{utm_medium}}",
        "utm_campaign": "{{utm_campaign}}",
        "utm_content": "{{utm_content}}",
        "utm_term": "{{utm_term}}",
        "xcod": "{{xcod}}"
    },
    "commission": {
        "totalPriceInCents": 5573,
        "gatewayFeeInCents": 0,
        "userCommissionInCents": 5573
    },
    "isTest": false
}
----------------------------------------
[2025-05-28 02:21:22] 📤 Dados formatados para Utmify
Dados: {
    "orderId": "097d2e8b-8673-4738-b223-0fe3c5e3b312",
    "platform": "PayHubr",
    "paymentMethod": "pix",
    "status": "waiting_payment",
    "createdAt": "2025-05-28 02:21:22",
    "approvedDate": null,
    "refundedAt": null,
    "customer": {
        "name": "Sophia Ferreira Pereira",
        "email": "clienteteste@gmail.com",
        "phone": null,
        "document": "71383235066",
        "country": "BR",
        "ip": "45.148.96.49"
    },
    "products": [
        {
            "id": "PROD_6836732246b46",
            "name": "Doa\u00e7\u00e3o",
            "planId": null,
            "planName": null,
            "quantity": 1,
            "priceInCents": 5573
        }
    ],
    "trackingParameters": {
        "src": null,
        "sck": null,
        "utm_source": "{{utm_source}}",
        "utm_campaign": "{{utm_campaign}}",
        "utm_medium": "{{utm_medium}}",
        "utm_content": "{{utm_content}}",
        "utm_term": "{{utm_term}}",
        "xcod": "{{xcod}}",
        "fbclid": null,
        "gclid": null,
        "ttclid": null
    },
    "commission": {
        "totalPriceInCents": 5573,
        "gatewayFeeInCents": 0,
        "userCommissionInCents": 5573
    },
    "isTest": false
}
----------------------------------------
[2025-05-28 02:21:22] 📡 Enviando requisição para Utmify
Dados: {
    "url": "https:\/\/api.utmify.com.br\/api-credentials\/orders",
    "headers": [
        "Content-Type: application\/json",
        "x-api-token: [REDACTED]"
    ]
}
----------------------------------------
[2025-05-28 02:21:22] ✅ Resposta da API Utmify
Dados: {
    "http_code": 200,
    "response": {
        "OK": true,
        "data": [],
        "result": "SUCCESS"
    }
}
----------------------------------------
