[2025-07-25 04:42:30] 📥 Dados recebidos do PayHubr
Dados: {
    "raw": "{\"orderId\":\"a9232077-eab4-4c85-b1e8-c18cb2772ee1\",\"platform\":\"MinhaPlataforma\",\"paymentMethod\":\"pix\",\"status\":\"waiting_payment\",\"createdAt\":\"2025-07-25 01:42:30\",\"approvedDate\":null,\"refundedAt\":null,\"customer\":{\"name\":\"Julia Souza Lima\",\"email\":\"clienteteste@gmail.com\",\"phone\":null,\"document\":\"26274441239\",\"country\":\"BR\",\"ip\":\"66.220.149.114\"},\"products\":[{\"id\":\"PROD_68830b36aac28\",\"name\":\"Doa\\u00e7\\u00e3o\",\"planId\":null,\"planName\":null,\"quantity\":1,\"priceInCents\":3723}],\"trackingParameters\":{\"utm_source\":\"FBjLj686e9a7e7ddcbebde7289ad1\",\"utm_medium\":\"ROI EXTREMO|120228742807550061\",\"utm_campaign\":\"09-07 CTV 06 IMG MEIODIA \\u2014 C\\u00f3pia|120228742807920061\",\"utm_content\":\"06|120228742807340061\",\"utm_term\":\"Facebook_Mobile_Feed\",\"xcod\":\"FBjLj686e9a7e7ddcbeb\"},\"commission\":{\"totalPriceInCents\":3723,\"gatewayFeeInCents\":0,\"userCommissionInCents\":3723},\"isTest\":false}"
}
----------------------------------------
[2025-07-25 04:42:30] 🔄 Processando dados recebidos
Dados: {
    "orderId": "a9232077-eab4-4c85-b1e8-c18cb2772ee1",
    "platform": "MinhaPlataforma",
    "paymentMethod": "pix",
    "status": "waiting_payment",
    "createdAt": "2025-07-25 01:42:30",
    "approvedDate": null,
    "refundedAt": null,
    "customer": {
        "name": "Julia Souza Lima",
        "email": "clienteteste@gmail.com",
        "phone": null,
        "document": "26274441239",
        "country": "BR",
        "ip": "66.220.149.114"
    },
    "products": [
        {
            "id": "PROD_68830b36aac28",
            "name": "Doa\u00e7\u00e3o",
            "planId": null,
            "planName": null,
            "quantity": 1,
            "priceInCents": 3723
        }
    ],
    "trackingParameters": {
        "utm_source": "FBjLj686e9a7e7ddcbebde7289ad1",
        "utm_medium": "ROI EXTREMO|120228742807550061",
        "utm_campaign": "09-07 CTV 06 IMG MEIODIA \u2014 C\u00f3pia|120228742807920061",
        "utm_content": "06|120228742807340061",
        "utm_term": "Facebook_Mobile_Feed",
        "xcod": "FBjLj686e9a7e7ddcbeb"
    },
    "commission": {
        "totalPriceInCents": 3723,
        "gatewayFeeInCents": 0,
        "userCommissionInCents": 3723
    },
    "isTest": false
}
----------------------------------------
[2025-07-25 04:42:30] 📤 Dados formatados para Utmify
Dados: {
    "orderId": "a9232077-eab4-4c85-b1e8-c18cb2772ee1",
    "platform": "PayHubr",
    "paymentMethod": "pix",
    "status": "waiting_payment",
    "createdAt": "2025-07-25 04:42:30",
    "approvedDate": null,
    "refundedAt": null,
    "customer": {
        "name": "Julia Souza Lima",
        "email": "clienteteste@gmail.com",
        "phone": null,
        "document": "26274441239",
        "country": "BR",
        "ip": "45.148.96.49"
    },
    "products": [
        {
            "id": "PROD_68830b36aac28",
            "name": "Doa\u00e7\u00e3o",
            "planId": null,
            "planName": null,
            "quantity": 1,
            "priceInCents": 3723
        }
    ],
    "trackingParameters": {
        "src": null,
        "sck": null,
        "utm_source": "FBjLj686e9a7e7ddcbebde7289ad1",
        "utm_campaign": "09-07 CTV 06 IMG MEIODIA \u2014 C\u00f3pia|120228742807920061",
        "utm_medium": "ROI EXTREMO|120228742807550061",
        "utm_content": "06|120228742807340061",
        "utm_term": "Facebook_Mobile_Feed",
        "xcod": "FBjLj686e9a7e7ddcbeb",
        "fbclid": null,
        "gclid": null,
        "ttclid": null
    },
    "commission": {
        "totalPriceInCents": 3723,
        "gatewayFeeInCents": 0,
        "userCommissionInCents": 3723
    },
    "isTest": false
}
----------------------------------------
[2025-07-25 04:42:30] 📡 Enviando requisição para Utmify
Dados: {
    "url": "https:\/\/api.utmify.com.br\/api-credentials\/orders",
    "headers": [
        "Content-Type: application\/json",
        "x-api-token: [REDACTED]"
    ]
}
----------------------------------------
[2025-07-25 04:42:30] ✅ Resposta da API Utmify
Dados: {
    "http_code": 404,
    "response": {
        "OK": false,
        "data": {
            "type": "API_CREDENTIAL"
        },
        "result": "ERROR",
        "statusCode": 404,
        "message": "API_CREDENTIAL_NOT_FOUND"
    }
}
----------------------------------------
[2025-07-25 04:42:30] ❌ Erro
Dados: {
    "message": "Erro na API Utmify. HTTP Code: 404"
}
----------------------------------------
