[2025-04-21 23:22:12] 📥 Dados recebidos do PayHubr
Dados: {
    "raw": "{\"orderId\":\"de496a05-469e-44f5-9087-7b420b0e5b7f\",\"platform\":\"MinhaPlataforma\",\"paymentMethod\":\"pix\",\"status\":\"waiting_payment\",\"createdAt\":\"2025-04-21 23:22:11\",\"approvedDate\":null,\"refundedAt\":null,\"customer\":{\"name\":\"Luiza Fernandes Oliveira\",\"email\":\"clienteteste@gmail.com\",\"phone\":null,\"document\":\"43907294700\",\"country\":\"BR\",\"ip\":\"2804:14d:5ca2:5a94:15cd:5178:242b:7222\"},\"products\":[{\"id\":\"PROD_6806d323e0a03\",\"name\":\"Doa\\u00e7\\u00e3o\",\"planId\":null,\"planName\":null,\"quantity\":1,\"priceInCents\":5573}],\"trackingParameters\":[],\"commission\":{\"totalPriceInCents\":5573,\"gatewayFeeInCents\":0,\"userCommissionInCents\":5573},\"isTest\":false}"
}
----------------------------------------
[2025-04-21 23:22:12] 🔄 Processando dados recebidos
Dados: {
    "orderId": "de496a05-469e-44f5-9087-7b420b0e5b7f",
    "platform": "MinhaPlataforma",
    "paymentMethod": "pix",
    "status": "waiting_payment",
    "createdAt": "2025-04-21 23:22:11",
    "approvedDate": null,
    "refundedAt": null,
    "customer": {
        "name": "Luiza Fernandes Oliveira",
        "email": "clienteteste@gmail.com",
        "phone": null,
        "document": "43907294700",
        "country": "BR",
        "ip": "2804:14d:5ca2:5a94:15cd:5178:242b:7222"
    },
    "products": [
        {
            "id": "PROD_6806d323e0a03",
            "name": "Doa\u00e7\u00e3o",
            "planId": null,
            "planName": null,
            "quantity": 1,
            "priceInCents": 5573
        }
    ],
    "trackingParameters": [],
    "commission": {
        "totalPriceInCents": 5573,
        "gatewayFeeInCents": 0,
        "userCommissionInCents": 5573
    },
    "isTest": false
}
----------------------------------------
[2025-04-21 23:22:12] 📤 Dados formatados para Utmify
Dados: {
    "orderId": "de496a05-469e-44f5-9087-7b420b0e5b7f",
    "platform": "PayHubr",
    "paymentMethod": "pix",
    "status": "waiting_payment",
    "createdAt": "2025-04-21 23:22:12",
    "approvedDate": null,
    "refundedAt": null,
    "customer": {
        "name": "Luiza Fernandes Oliveira",
        "email": "clienteteste@gmail.com",
        "phone": null,
        "document": "43907294700",
        "country": "BR",
        "ip": "2a02:4780:13::32"
    },
    "products": [
        {
            "id": "PROD_6806d323e0a03",
            "name": "Doa\u00e7\u00e3o",
            "planId": null,
            "planName": null,
            "quantity": 1,
            "priceInCents": 5573
        }
    ],
    "trackingParameters": {
        "src": null,
        "sck": null,
        "utm_source": null,
        "utm_campaign": null,
        "utm_medium": null,
        "utm_content": null,
        "utm_term": null,
        "xcod": null,
        "fbclid": null,
        "gclid": null,
        "ttclid": null
    },
    "commission": {
        "totalPriceInCents": 5573,
        "gatewayFeeInCents": 0,
        "userCommissionInCents": 5573
    },
    "isTest": false
}
----------------------------------------
[2025-04-21 23:22:12] 📡 Enviando requisição para Utmify
Dados: {
    "url": "https:\/\/api.utmify.com.br\/api-credentials\/orders",
    "headers": [
        "Content-Type: application\/json",
        "x-api-token: [REDACTED]"
    ]
}
----------------------------------------
[2025-04-21 23:22:12] ✅ Resposta da API Utmify
Dados: {
    "http_code": 200,
    "response": {
        "OK": true,
        "data": [],
        "result": "SUCCESS"
    }
}
----------------------------------------
