[2025-07-18 20:44:55] 📥 Dados recebidos do PayHubr
Dados: {
    "raw": "{\"orderId\":\"bbea000a-42b9-4603-bcaf-8099a204b7b1\",\"platform\":\"MinhaPlataforma\",\"paymentMethod\":\"pix\",\"status\":\"waiting_payment\",\"createdAt\":\"2025-07-18 17:44:54\",\"approvedDate\":null,\"refundedAt\":null,\"customer\":{\"name\":\"Sofia Ribeiro Oliveira\",\"email\":\"clienteteste@gmail.com\",\"phone\":null,\"document\":\"86601316067\",\"country\":\"BR\",\"ip\":\"177.174.232.196\"},\"products\":[{\"id\":\"PROD_687ab246ec4d8\",\"name\":\"Doa\\u00e7\\u00e3o\",\"planId\":null,\"planName\":null,\"quantity\":1,\"priceInCents\":3723}],\"trackingParameters\":[],\"commission\":{\"totalPriceInCents\":3723,\"gatewayFeeInCents\":0,\"userCommissionInCents\":3723},\"isTest\":false}"
}
----------------------------------------
[2025-07-18 20:44:55] 🔄 Processando dados recebidos
Dados: {
    "orderId": "bbea000a-42b9-4603-bcaf-8099a204b7b1",
    "platform": "MinhaPlataforma",
    "paymentMethod": "pix",
    "status": "waiting_payment",
    "createdAt": "2025-07-18 17:44:54",
    "approvedDate": null,
    "refundedAt": null,
    "customer": {
        "name": "Sofia Ribeiro Oliveira",
        "email": "clienteteste@gmail.com",
        "phone": null,
        "document": "86601316067",
        "country": "BR",
        "ip": "177.174.232.196"
    },
    "products": [
        {
            "id": "PROD_687ab246ec4d8",
            "name": "Doa\u00e7\u00e3o",
            "planId": null,
            "planName": null,
            "quantity": 1,
            "priceInCents": 3723
        }
    ],
    "trackingParameters": [],
    "commission": {
        "totalPriceInCents": 3723,
        "gatewayFeeInCents": 0,
        "userCommissionInCents": 3723
    },
    "isTest": false
}
----------------------------------------
[2025-07-18 20:44:55] 📤 Dados formatados para Utmify
Dados: {
    "orderId": "bbea000a-42b9-4603-bcaf-8099a204b7b1",
    "platform": "PayHubr",
    "paymentMethod": "pix",
    "status": "waiting_payment",
    "createdAt": "2025-07-18 20:44:55",
    "approvedDate": null,
    "refundedAt": null,
    "customer": {
        "name": "Sofia Ribeiro Oliveira",
        "email": "clienteteste@gmail.com",
        "phone": null,
        "document": "86601316067",
        "country": "BR",
        "ip": "45.148.96.49"
    },
    "products": [
        {
            "id": "PROD_687ab246ec4d8",
            "name": "Doa\u00e7\u00e3o",
            "planId": null,
            "planName": null,
            "quantity": 1,
            "priceInCents": 3723
        }
    ],
    "trackingParameters": {
        "src": null,
        "sck": null,
        "utm_source": null,
        "utm_campaign": null,
        "utm_medium": null,
        "utm_content": null,
        "utm_term": null,
        "xcod": null,
        "fbclid": null,
        "gclid": null,
        "ttclid": null
    },
    "commission": {
        "totalPriceInCents": 3723,
        "gatewayFeeInCents": 0,
        "userCommissionInCents": 3723
    },
    "isTest": false
}
----------------------------------------
[2025-07-18 20:44:55] 📡 Enviando requisição para Utmify
Dados: {
    "url": "https:\/\/api.utmify.com.br\/api-credentials\/orders",
    "headers": [
        "Content-Type: application\/json",
        "x-api-token: [REDACTED]"
    ]
}
----------------------------------------
[2025-07-18 20:44:55] ✅ Resposta da API Utmify
Dados: {
    "http_code": 404,
    "response": {
        "OK": false,
        "data": {
            "type": "API_CREDENTIAL"
        },
        "result": "ERROR",
        "statusCode": 404,
        "message": "API_CREDENTIAL_NOT_FOUND"
    }
}
----------------------------------------
[2025-07-18 20:44:55] ❌ Erro
Dados: {
    "message": "Erro na API Utmify. HTTP Code: 404"
}
----------------------------------------
