[2025-06-08 18:56:51] 📥 Dados recebidos do PayHubr
Dados: {
    "raw": "{\"orderId\":\"c0b2ccd4-ab2a-46c9-af88-27508a867fdf\",\"platform\":\"MinhaPlataforma\",\"paymentMethod\":\"pix\",\"status\":\"waiting_payment\",\"createdAt\":\"2025-06-08 15:56:51\",\"approvedDate\":null,\"refundedAt\":null,\"customer\":{\"name\":\"Luiza Carvalho Soares\",\"email\":\"luiza.carvalho.soares@email.com\",\"phone\":null,\"document\":\"84724186348\",\"country\":\"BR\",\"ip\":\"177.131.21.23\"},\"products\":[{\"id\":\"PROD_6845dcf33187a\",\"name\":\"Produto 19.9\",\"planId\":null,\"planName\":null,\"quantity\":1,\"priceInCents\":1990}],\"trackingParameters\":{\"utm_medium\":\"PDIDDY|120225766061610470\",\"utm_campaign\":\"08\\\/06 ESCALA CTV 17 VALIDADO MEIODIA \\u2014 C\\u00f3pia|120225766062300470\",\"utm_content\":\"017|120225766061120470\",\"utm_term\":\"Facebook_Mobile_Feed\"},\"commission\":{\"totalPriceInCents\":1990,\"gatewayFeeInCents\":0,\"userCommissionInCents\":1990},\"isTest\":false}"
}
----------------------------------------
[2025-06-08 18:56:51] 🔄 Processando dados recebidos
Dados: {
    "orderId": "c0b2ccd4-ab2a-46c9-af88-27508a867fdf",
    "platform": "MinhaPlataforma",
    "paymentMethod": "pix",
    "status": "waiting_payment",
    "createdAt": "2025-06-08 15:56:51",
    "approvedDate": null,
    "refundedAt": null,
    "customer": {
        "name": "Luiza Carvalho Soares",
        "email": "luiza.carvalho.soares@email.com",
        "phone": null,
        "document": "84724186348",
        "country": "BR",
        "ip": "177.131.21.23"
    },
    "products": [
        {
            "id": "PROD_6845dcf33187a",
            "name": "Produto 19.9",
            "planId": null,
            "planName": null,
            "quantity": 1,
            "priceInCents": 1990
        }
    ],
    "trackingParameters": {
        "utm_medium": "PDIDDY|120225766061610470",
        "utm_campaign": "08\/06 ESCALA CTV 17 VALIDADO MEIODIA \u2014 C\u00f3pia|120225766062300470",
        "utm_content": "017|120225766061120470",
        "utm_term": "Facebook_Mobile_Feed"
    },
    "commission": {
        "totalPriceInCents": 1990,
        "gatewayFeeInCents": 0,
        "userCommissionInCents": 1990
    },
    "isTest": false
}
----------------------------------------
[2025-06-08 18:56:51] 📤 Dados formatados para Utmify
Dados: {
    "orderId": "c0b2ccd4-ab2a-46c9-af88-27508a867fdf",
    "platform": "PayHubr",
    "paymentMethod": "pix",
    "status": "waiting_payment",
    "createdAt": "2025-06-08 18:56:51",
    "approvedDate": null,
    "refundedAt": null,
    "customer": {
        "name": "Luiza Carvalho Soares",
        "email": "luiza.carvalho.soares@email.com",
        "phone": null,
        "document": "84724186348",
        "country": "BR",
        "ip": "45.148.96.49"
    },
    "products": [
        {
            "id": "PROD_6845dcf33187a",
            "name": "Produto 19.9",
            "planId": null,
            "planName": null,
            "quantity": 1,
            "priceInCents": 1990
        }
    ],
    "trackingParameters": {
        "src": null,
        "sck": null,
        "utm_source": null,
        "utm_campaign": "08\/06 ESCALA CTV 17 VALIDADO MEIODIA \u2014 C\u00f3pia|120225766062300470",
        "utm_medium": "PDIDDY|120225766061610470",
        "utm_content": "017|120225766061120470",
        "utm_term": "Facebook_Mobile_Feed",
        "xcod": null,
        "fbclid": null,
        "gclid": null,
        "ttclid": null
    },
    "commission": {
        "totalPriceInCents": 1990,
        "gatewayFeeInCents": 0,
        "userCommissionInCents": 1990
    },
    "isTest": false
}
----------------------------------------
[2025-06-08 18:56:51] 📡 Enviando requisição para Utmify
Dados: {
    "url": "https:\/\/api.utmify.com.br\/api-credentials\/orders",
    "headers": [
        "Content-Type: application\/json",
        "x-api-token: [REDACTED]"
    ]
}
----------------------------------------
[2025-06-08 18:56:51] ✅ Resposta da API Utmify
Dados: {
    "http_code": 200,
    "response": {
        "OK": true,
        "data": [],
        "result": "SUCCESS"
    }
}
----------------------------------------
[2025-06-08 19:00:33] 📥 Dados recebidos do PayHubr
Dados: {
    "raw": "{\"orderId\":\"727905ff-5713-41b9-8885-dc2569108d42\",\"platform\":\"MinhaPlataforma\",\"paymentMethod\":\"pix\",\"status\":\"waiting_payment\",\"createdAt\":\"2025-06-08 16:00:33\",\"approvedDate\":null,\"refundedAt\":null,\"customer\":{\"name\":\"Luiza Fernandes Alves\",\"email\":\"luiza.fernandes.alves@email.com\",\"phone\":null,\"document\":\"97458706171\",\"country\":\"BR\",\"ip\":\"177.131.21.23\"},\"products\":[{\"id\":\"PROD_6845ddd1949d1\",\"name\":\"Produto 19.9\",\"planId\":null,\"planName\":null,\"quantity\":1,\"priceInCents\":1990}],\"trackingParameters\":{\"utm_medium\":\"PDIDDY|120225766061610470\",\"utm_campaign\":\"08\\\/06 ESCALA CTV 17 VALIDADO MEIODIA \\u2014 C\\u00f3pia|120225766062300470\",\"utm_content\":\"017|120225766061120470\",\"utm_term\":\"Facebook_Mobile_Feed\"},\"commission\":{\"totalPriceInCents\":1990,\"gatewayFeeInCents\":0,\"userCommissionInCents\":1990},\"isTest\":false}"
}
----------------------------------------
[2025-06-08 19:00:33] 🔄 Processando dados recebidos
Dados: {
    "orderId": "727905ff-5713-41b9-8885-dc2569108d42",
    "platform": "MinhaPlataforma",
    "paymentMethod": "pix",
    "status": "waiting_payment",
    "createdAt": "2025-06-08 16:00:33",
    "approvedDate": null,
    "refundedAt": null,
    "customer": {
        "name": "Luiza Fernandes Alves",
        "email": "luiza.fernandes.alves@email.com",
        "phone": null,
        "document": "97458706171",
        "country": "BR",
        "ip": "177.131.21.23"
    },
    "products": [
        {
            "id": "PROD_6845ddd1949d1",
            "name": "Produto 19.9",
            "planId": null,
            "planName": null,
            "quantity": 1,
            "priceInCents": 1990
        }
    ],
    "trackingParameters": {
        "utm_medium": "PDIDDY|120225766061610470",
        "utm_campaign": "08\/06 ESCALA CTV 17 VALIDADO MEIODIA \u2014 C\u00f3pia|120225766062300470",
        "utm_content": "017|120225766061120470",
        "utm_term": "Facebook_Mobile_Feed"
    },
    "commission": {
        "totalPriceInCents": 1990,
        "gatewayFeeInCents": 0,
        "userCommissionInCents": 1990
    },
    "isTest": false
}
----------------------------------------
[2025-06-08 19:00:33] 📤 Dados formatados para Utmify
Dados: {
    "orderId": "727905ff-5713-41b9-8885-dc2569108d42",
    "platform": "PayHubr",
    "paymentMethod": "pix",
    "status": "waiting_payment",
    "createdAt": "2025-06-08 19:00:33",
    "approvedDate": null,
    "refundedAt": null,
    "customer": {
        "name": "Luiza Fernandes Alves",
        "email": "luiza.fernandes.alves@email.com",
        "phone": null,
        "document": "97458706171",
        "country": "BR",
        "ip": "45.148.96.49"
    },
    "products": [
        {
            "id": "PROD_6845ddd1949d1",
            "name": "Produto 19.9",
            "planId": null,
            "planName": null,
            "quantity": 1,
            "priceInCents": 1990
        }
    ],
    "trackingParameters": {
        "src": null,
        "sck": null,
        "utm_source": null,
        "utm_campaign": "08\/06 ESCALA CTV 17 VALIDADO MEIODIA \u2014 C\u00f3pia|120225766062300470",
        "utm_medium": "PDIDDY|120225766061610470",
        "utm_content": "017|120225766061120470",
        "utm_term": "Facebook_Mobile_Feed",
        "xcod": null,
        "fbclid": null,
        "gclid": null,
        "ttclid": null
    },
    "commission": {
        "totalPriceInCents": 1990,
        "gatewayFeeInCents": 0,
        "userCommissionInCents": 1990
    },
    "isTest": false
}
----------------------------------------
[2025-06-08 19:00:33] 📡 Enviando requisição para Utmify
Dados: {
    "url": "https:\/\/api.utmify.com.br\/api-credentials\/orders",
    "headers": [
        "Content-Type: application\/json",
        "x-api-token: [REDACTED]"
    ]
}
----------------------------------------
[2025-06-08 19:00:33] ✅ Resposta da API Utmify
Dados: {
    "http_code": 200,
    "response": {
        "OK": true,
        "data": [],
        "result": "SUCCESS"
    }
}
----------------------------------------
[2025-06-08 19:00:40] 📥 Dados recebidos do PayHubr
Dados: {
    "raw": "{\"orderId\":\"57002ca8-1107-4ccb-8ad3-a076b9e7f9cd\",\"platform\":\"MinhaPlataforma\",\"paymentMethod\":\"pix\",\"status\":\"waiting_payment\",\"createdAt\":\"2025-06-08 16:00:40\",\"approvedDate\":null,\"refundedAt\":null,\"customer\":{\"name\":\"Isabella Oliveira Costa\",\"email\":\"isabella.oliveira.costa@email.com\",\"phone\":null,\"document\":\"92968900803\",\"country\":\"BR\",\"ip\":\"66.102.8.39\"},\"products\":[{\"id\":\"PROD_6845ddd822d81\",\"name\":\"Produto 19.9\",\"planId\":null,\"planName\":null,\"quantity\":1,\"priceInCents\":1990}],\"trackingParameters\":{\"utm_medium\":\"PDIDDY|120225766061610470\",\"utm_campaign\":\"08\\\/06 ESCALA CTV 17 VALIDADO MEIODIA \\u2014 C\\u00f3pia|120225766062300470\",\"utm_content\":\"017|120225766061120470\",\"utm_term\":\"Facebook_Mobile_Feed\"},\"commission\":{\"totalPriceInCents\":1990,\"gatewayFeeInCents\":0,\"userCommissionInCents\":1990},\"isTest\":false}"
}
----------------------------------------
[2025-06-08 19:00:40] 🔄 Processando dados recebidos
Dados: {
    "orderId": "57002ca8-1107-4ccb-8ad3-a076b9e7f9cd",
    "platform": "MinhaPlataforma",
    "paymentMethod": "pix",
    "status": "waiting_payment",
    "createdAt": "2025-06-08 16:00:40",
    "approvedDate": null,
    "refundedAt": null,
    "customer": {
        "name": "Isabella Oliveira Costa",
        "email": "isabella.oliveira.costa@email.com",
        "phone": null,
        "document": "92968900803",
        "country": "BR",
        "ip": "66.102.8.39"
    },
    "products": [
        {
            "id": "PROD_6845ddd822d81",
            "name": "Produto 19.9",
            "planId": null,
            "planName": null,
            "quantity": 1,
            "priceInCents": 1990
        }
    ],
    "trackingParameters": {
        "utm_medium": "PDIDDY|120225766061610470",
        "utm_campaign": "08\/06 ESCALA CTV 17 VALIDADO MEIODIA \u2014 C\u00f3pia|120225766062300470",
        "utm_content": "017|120225766061120470",
        "utm_term": "Facebook_Mobile_Feed"
    },
    "commission": {
        "totalPriceInCents": 1990,
        "gatewayFeeInCents": 0,
        "userCommissionInCents": 1990
    },
    "isTest": false
}
----------------------------------------
[2025-06-08 19:00:40] 📤 Dados formatados para Utmify
Dados: {
    "orderId": "57002ca8-1107-4ccb-8ad3-a076b9e7f9cd",
    "platform": "PayHubr",
    "paymentMethod": "pix",
    "status": "waiting_payment",
    "createdAt": "2025-06-08 19:00:40",
    "approvedDate": null,
    "refundedAt": null,
    "customer": {
        "name": "Isabella Oliveira Costa",
        "email": "isabella.oliveira.costa@email.com",
        "phone": null,
        "document": "92968900803",
        "country": "BR",
        "ip": "45.148.96.49"
    },
    "products": [
        {
            "id": "PROD_6845ddd822d81",
            "name": "Produto 19.9",
            "planId": null,
            "planName": null,
            "quantity": 1,
            "priceInCents": 1990
        }
    ],
    "trackingParameters": {
        "src": null,
        "sck": null,
        "utm_source": null,
        "utm_campaign": "08\/06 ESCALA CTV 17 VALIDADO MEIODIA \u2014 C\u00f3pia|120225766062300470",
        "utm_medium": "PDIDDY|120225766061610470",
        "utm_content": "017|120225766061120470",
        "utm_term": "Facebook_Mobile_Feed",
        "xcod": null,
        "fbclid": null,
        "gclid": null,
        "ttclid": null
    },
    "commission": {
        "totalPriceInCents": 1990,
        "gatewayFeeInCents": 0,
        "userCommissionInCents": 1990
    },
    "isTest": false
}
----------------------------------------
[2025-06-08 19:00:40] 📡 Enviando requisição para Utmify
Dados: {
    "url": "https:\/\/api.utmify.com.br\/api-credentials\/orders",
    "headers": [
        "Content-Type: application\/json",
        "x-api-token: [REDACTED]"
    ]
}
----------------------------------------
[2025-06-08 19:00:40] ✅ Resposta da API Utmify
Dados: {
    "http_code": 200,
    "response": {
        "OK": true,
        "data": [],
        "result": "SUCCESS"
    }
}
----------------------------------------
[2025-06-08 20:57:18] 📥 Dados recebidos do PayHubr
Dados: {
    "raw": "{\"orderId\":\"5956e564-4036-440f-8f25-57f32ad70cf1\",\"platform\":\"MinhaPlataforma\",\"paymentMethod\":\"pix\",\"status\":\"waiting_payment\",\"createdAt\":\"2025-06-08 17:57:18\",\"approvedDate\":null,\"refundedAt\":null,\"customer\":{\"name\":\"Miguel Ferreira Vieira\",\"email\":\"miguel.ferreira.vieira@email.com\",\"phone\":null,\"document\":\"98018205000\",\"country\":\"BR\",\"ip\":\"45.232.58.65\"},\"products\":[{\"id\":\"PROD_6845f92ed3647\",\"name\":\"Produto 35\",\"planId\":null,\"planName\":null,\"quantity\":1,\"priceInCents\":3500}],\"trackingParameters\":{\"utm_source\":\"FBjLj6845f18d4251836d8aeb3231\",\"utm_medium\":\"PDIDDY|120225766061910470\",\"utm_campaign\":\"08\\\/06 ESCALA CTV 17 VALIDADO MEIODIA \\u2014 C\\u00f3pia|120225766062140470\",\"utm_content\":\"017|120225766061430470\",\"utm_term\":\"Facebook_Mobile_Feed\"},\"commission\":{\"totalPriceInCents\":3500,\"gatewayFeeInCents\":0,\"userCommissionInCents\":3500},\"isTest\":false}"
}
----------------------------------------
[2025-06-08 20:57:18] 🔄 Processando dados recebidos
Dados: {
    "orderId": "5956e564-4036-440f-8f25-57f32ad70cf1",
    "platform": "MinhaPlataforma",
    "paymentMethod": "pix",
    "status": "waiting_payment",
    "createdAt": "2025-06-08 17:57:18",
    "approvedDate": null,
    "refundedAt": null,
    "customer": {
        "name": "Miguel Ferreira Vieira",
        "email": "miguel.ferreira.vieira@email.com",
        "phone": null,
        "document": "98018205000",
        "country": "BR",
        "ip": "45.232.58.65"
    },
    "products": [
        {
            "id": "PROD_6845f92ed3647",
            "name": "Produto 35",
            "planId": null,
            "planName": null,
            "quantity": 1,
            "priceInCents": 3500
        }
    ],
    "trackingParameters": {
        "utm_source": "FBjLj6845f18d4251836d8aeb3231",
        "utm_medium": "PDIDDY|120225766061910470",
        "utm_campaign": "08\/06 ESCALA CTV 17 VALIDADO MEIODIA \u2014 C\u00f3pia|120225766062140470",
        "utm_content": "017|120225766061430470",
        "utm_term": "Facebook_Mobile_Feed"
    },
    "commission": {
        "totalPriceInCents": 3500,
        "gatewayFeeInCents": 0,
        "userCommissionInCents": 3500
    },
    "isTest": false
}
----------------------------------------
[2025-06-08 20:57:18] 📤 Dados formatados para Utmify
Dados: {
    "orderId": "5956e564-4036-440f-8f25-57f32ad70cf1",
    "platform": "PayHubr",
    "paymentMethod": "pix",
    "status": "waiting_payment",
    "createdAt": "2025-06-08 20:57:18",
    "approvedDate": null,
    "refundedAt": null,
    "customer": {
        "name": "Miguel Ferreira Vieira",
        "email": "miguel.ferreira.vieira@email.com",
        "phone": null,
        "document": "98018205000",
        "country": "BR",
        "ip": "45.148.96.49"
    },
    "products": [
        {
            "id": "PROD_6845f92ed3647",
            "name": "Produto 35",
            "planId": null,
            "planName": null,
            "quantity": 1,
            "priceInCents": 3500
        }
    ],
    "trackingParameters": {
        "src": null,
        "sck": null,
        "utm_source": "FBjLj6845f18d4251836d8aeb3231",
        "utm_campaign": "08\/06 ESCALA CTV 17 VALIDADO MEIODIA \u2014 C\u00f3pia|120225766062140470",
        "utm_medium": "PDIDDY|120225766061910470",
        "utm_content": "017|120225766061430470",
        "utm_term": "Facebook_Mobile_Feed",
        "xcod": null,
        "fbclid": null,
        "gclid": null,
        "ttclid": null
    },
    "commission": {
        "totalPriceInCents": 3500,
        "gatewayFeeInCents": 0,
        "userCommissionInCents": 3500
    },
    "isTest": false
}
----------------------------------------
[2025-06-08 20:57:18] 📡 Enviando requisição para Utmify
Dados: {
    "url": "https:\/\/api.utmify.com.br\/api-credentials\/orders",
    "headers": [
        "Content-Type: application\/json",
        "x-api-token: [REDACTED]"
    ]
}
----------------------------------------
[2025-06-08 20:57:18] ✅ Resposta da API Utmify
Dados: {
    "http_code": 200,
    "response": {
        "OK": true,
        "data": [],
        "result": "SUCCESS"
    }
}
----------------------------------------
[2025-06-08 23:20:04] 📥 Dados recebidos do PayHubr
Dados: {
    "raw": "{\"orderId\":\"1509bec5-2ca0-4669-962e-5e4387428a22\",\"platform\":\"MinhaPlataforma\",\"paymentMethod\":\"pix\",\"status\":\"waiting_payment\",\"createdAt\":\"2025-06-08 20:20:04\",\"approvedDate\":null,\"refundedAt\":null,\"customer\":{\"name\":\"Clara Soares Oliveira\",\"email\":\"clara.soares.oliveira@email.com\",\"phone\":null,\"document\":\"81342330668\",\"country\":\"BR\",\"ip\":\"170.81.190.64\"},\"products\":[{\"id\":\"PROD_68461aa419281\",\"name\":\"Produto 35\",\"planId\":null,\"planName\":null,\"quantity\":1,\"priceInCents\":3500}],\"trackingParameters\":{\"utm_source\":\"FBjLj6846167a37142f8503b23d5f\",\"utm_medium\":\"PDIDDY|120225766060950470\",\"utm_campaign\":\"08\\\/06 ESCALA CTV 17 VALIDADO MEIODIA \\u2014 C\\u00f3pia|120225766061310470\",\"utm_content\":\"017|120225766061800470\",\"utm_term\":\"Facebook_Mobile_Feed\"},\"commission\":{\"totalPriceInCents\":3500,\"gatewayFeeInCents\":0,\"userCommissionInCents\":3500},\"isTest\":false}"
}
----------------------------------------
[2025-06-08 23:20:04] 🔄 Processando dados recebidos
Dados: {
    "orderId": "1509bec5-2ca0-4669-962e-5e4387428a22",
    "platform": "MinhaPlataforma",
    "paymentMethod": "pix",
    "status": "waiting_payment",
    "createdAt": "2025-06-08 20:20:04",
    "approvedDate": null,
    "refundedAt": null,
    "customer": {
        "name": "Clara Soares Oliveira",
        "email": "clara.soares.oliveira@email.com",
        "phone": null,
        "document": "81342330668",
        "country": "BR",
        "ip": "170.81.190.64"
    },
    "products": [
        {
            "id": "PROD_68461aa419281",
            "name": "Produto 35",
            "planId": null,
            "planName": null,
            "quantity": 1,
            "priceInCents": 3500
        }
    ],
    "trackingParameters": {
        "utm_source": "FBjLj6846167a37142f8503b23d5f",
        "utm_medium": "PDIDDY|120225766060950470",
        "utm_campaign": "08\/06 ESCALA CTV 17 VALIDADO MEIODIA \u2014 C\u00f3pia|120225766061310470",
        "utm_content": "017|120225766061800470",
        "utm_term": "Facebook_Mobile_Feed"
    },
    "commission": {
        "totalPriceInCents": 3500,
        "gatewayFeeInCents": 0,
        "userCommissionInCents": 3500
    },
    "isTest": false
}
----------------------------------------
[2025-06-08 23:20:04] 📤 Dados formatados para Utmify
Dados: {
    "orderId": "1509bec5-2ca0-4669-962e-5e4387428a22",
    "platform": "PayHubr",
    "paymentMethod": "pix",
    "status": "waiting_payment",
    "createdAt": "2025-06-08 23:20:04",
    "approvedDate": null,
    "refundedAt": null,
    "customer": {
        "name": "Clara Soares Oliveira",
        "email": "clara.soares.oliveira@email.com",
        "phone": null,
        "document": "81342330668",
        "country": "BR",
        "ip": "45.148.96.49"
    },
    "products": [
        {
            "id": "PROD_68461aa419281",
            "name": "Produto 35",
            "planId": null,
            "planName": null,
            "quantity": 1,
            "priceInCents": 3500
        }
    ],
    "trackingParameters": {
        "src": null,
        "sck": null,
        "utm_source": "FBjLj6846167a37142f8503b23d5f",
        "utm_campaign": "08\/06 ESCALA CTV 17 VALIDADO MEIODIA \u2014 C\u00f3pia|120225766061310470",
        "utm_medium": "PDIDDY|120225766060950470",
        "utm_content": "017|120225766061800470",
        "utm_term": "Facebook_Mobile_Feed",
        "xcod": null,
        "fbclid": null,
        "gclid": null,
        "ttclid": null
    },
    "commission": {
        "totalPriceInCents": 3500,
        "gatewayFeeInCents": 0,
        "userCommissionInCents": 3500
    },
    "isTest": false
}
----------------------------------------
[2025-06-08 23:20:04] 📡 Enviando requisição para Utmify
Dados: {
    "url": "https:\/\/api.utmify.com.br\/api-credentials\/orders",
    "headers": [
        "Content-Type: application\/json",
        "x-api-token: [REDACTED]"
    ]
}
----------------------------------------
[2025-06-08 23:20:04] ✅ Resposta da API Utmify
Dados: {
    "http_code": 200,
    "response": {
        "OK": true,
        "data": [],
        "result": "SUCCESS"
    }
}
----------------------------------------
