[2025-07-25 00:59:39] 📥 Dados recebidos do PayHubr
Dados: {
    "raw": "{\"orderId\":\"19d9f298-2b03-44d6-a892-f4d169ac9d4a\",\"platform\":\"MinhaPlataforma\",\"paymentMethod\":\"pix\",\"status\":\"waiting_payment\",\"createdAt\":\"2025-07-24 21:59:39\",\"approvedDate\":null,\"refundedAt\":null,\"customer\":{\"name\":\"Valentina Ribeiro Oliveira\",\"email\":\"clienteteste@gmail.com\",\"phone\":null,\"document\":\"67643769303\",\"country\":\"BR\",\"ip\":\"173.252.95.8\"},\"products\":[{\"id\":\"PROD_6882d6fb847db\",\"name\":\"Doa\\u00e7\\u00e3o\",\"planId\":null,\"planName\":null,\"quantity\":1,\"priceInCents\":3723}],\"trackingParameters\":{\"xcod\":\"FBjLj686e9a7e7ddcbebde7289ad1hQwK21wXxR09-07 CTV 06 IMG MEIODIA \\u2014 C\\u00f3pia|120228742807920061hQwK21wXxRROI EXTREMO|120228742807550061hQwK21wXxR06|120228742807340061hQwK21wXxRFacebook_Mobile_Feed\",\"sck\":\"F\"},\"commission\":{\"totalPriceInCents\":3723,\"gatewayFeeInCents\":0,\"userCommissionInCents\":3723},\"isTest\":false}"
}
----------------------------------------
[2025-07-25 00:59:39] 🔄 Processando dados recebidos
Dados: {
    "orderId": "19d9f298-2b03-44d6-a892-f4d169ac9d4a",
    "platform": "MinhaPlataforma",
    "paymentMethod": "pix",
    "status": "waiting_payment",
    "createdAt": "2025-07-24 21:59:39",
    "approvedDate": null,
    "refundedAt": null,
    "customer": {
        "name": "Valentina Ribeiro Oliveira",
        "email": "clienteteste@gmail.com",
        "phone": null,
        "document": "67643769303",
        "country": "BR",
        "ip": "173.252.95.8"
    },
    "products": [
        {
            "id": "PROD_6882d6fb847db",
            "name": "Doa\u00e7\u00e3o",
            "planId": null,
            "planName": null,
            "quantity": 1,
            "priceInCents": 3723
        }
    ],
    "trackingParameters": {
        "xcod": "FBjLj686e9a7e7ddcbebde7289ad1hQwK21wXxR09-07 CTV 06 IMG MEIODIA \u2014 C\u00f3pia|120228742807920061hQwK21wXxRROI EXTREMO|120228742807550061hQwK21wXxR06|120228742807340061hQwK21wXxRFacebook_Mobile_Feed",
        "sck": "F"
    },
    "commission": {
        "totalPriceInCents": 3723,
        "gatewayFeeInCents": 0,
        "userCommissionInCents": 3723
    },
    "isTest": false
}
----------------------------------------
[2025-07-25 00:59:39] 📤 Dados formatados para Utmify
Dados: {
    "orderId": "19d9f298-2b03-44d6-a892-f4d169ac9d4a",
    "platform": "PayHubr",
    "paymentMethod": "pix",
    "status": "waiting_payment",
    "createdAt": "2025-07-25 00:59:39",
    "approvedDate": null,
    "refundedAt": null,
    "customer": {
        "name": "Valentina Ribeiro Oliveira",
        "email": "clienteteste@gmail.com",
        "phone": null,
        "document": "67643769303",
        "country": "BR",
        "ip": "45.148.96.49"
    },
    "products": [
        {
            "id": "PROD_6882d6fb847db",
            "name": "Doa\u00e7\u00e3o",
            "planId": null,
            "planName": null,
            "quantity": 1,
            "priceInCents": 3723
        }
    ],
    "trackingParameters": {
        "src": null,
        "sck": "F",
        "utm_source": null,
        "utm_campaign": null,
        "utm_medium": null,
        "utm_content": null,
        "utm_term": null,
        "xcod": "FBjLj686e9a7e7ddcbebde7289ad1hQwK21wXxR09-07 CTV 06 IMG MEIODIA \u2014 C\u00f3pia|120228742807920061hQwK21wXxRROI EXTREMO|120228742807550061hQwK21wXxR06|120228742807340061hQwK21wXxRFacebook_Mobile_Feed",
        "fbclid": null,
        "gclid": null,
        "ttclid": null
    },
    "commission": {
        "totalPriceInCents": 3723,
        "gatewayFeeInCents": 0,
        "userCommissionInCents": 3723
    },
    "isTest": false
}
----------------------------------------
[2025-07-25 00:59:39] 📡 Enviando requisição para Utmify
Dados: {
    "url": "https:\/\/api.utmify.com.br\/api-credentials\/orders",
    "headers": [
        "Content-Type: application\/json",
        "x-api-token: [REDACTED]"
    ]
}
----------------------------------------
[2025-07-25 00:59:39] ✅ Resposta da API Utmify
Dados: {
    "http_code": 404,
    "response": {
        "OK": false,
        "data": {
            "type": "API_CREDENTIAL"
        },
        "result": "ERROR",
        "statusCode": 404,
        "message": "API_CREDENTIAL_NOT_FOUND"
    }
}
----------------------------------------
[2025-07-25 00:59:39] ❌ Erro
Dados: {
    "message": "Erro na API Utmify. HTTP Code: 404"
}
----------------------------------------
