[2025-07-26 14:12:39] 📥 Dados recebidos do PayHubr
Dados: {
    "raw": "{\"orderId\":\"a9399df8-d6ff-4b62-a301-41b618f9563a\",\"platform\":\"MinhaPlataforma\",\"paymentMethod\":\"pix\",\"status\":\"waiting_payment\",\"createdAt\":\"2025-07-26 11:12:39\",\"approvedDate\":null,\"refundedAt\":null,\"customer\":{\"name\":\"Helena Gomes Santos\",\"email\":\"clienteteste@gmail.com\",\"phone\":null,\"document\":\"74420464526\",\"country\":\"BR\",\"ip\":\"177.174.235.170\"},\"products\":[{\"id\":\"PROD_6884e257a6726\",\"name\":\"Doa\\u00e7\\u00e3o\",\"planId\":null,\"planName\":null,\"quantity\":1,\"priceInCents\":3723}],\"trackingParameters\":[],\"commission\":{\"totalPriceInCents\":3723,\"gatewayFeeInCents\":0,\"userCommissionInCents\":3723},\"isTest\":false}"
}
----------------------------------------
[2025-07-26 14:12:39] 🔄 Processando dados recebidos
Dados: {
    "orderId": "a9399df8-d6ff-4b62-a301-41b618f9563a",
    "platform": "MinhaPlataforma",
    "paymentMethod": "pix",
    "status": "waiting_payment",
    "createdAt": "2025-07-26 11:12:39",
    "approvedDate": null,
    "refundedAt": null,
    "customer": {
        "name": "Helena Gomes Santos",
        "email": "clienteteste@gmail.com",
        "phone": null,
        "document": "74420464526",
        "country": "BR",
        "ip": "177.174.235.170"
    },
    "products": [
        {
            "id": "PROD_6884e257a6726",
            "name": "Doa\u00e7\u00e3o",
            "planId": null,
            "planName": null,
            "quantity": 1,
            "priceInCents": 3723
        }
    ],
    "trackingParameters": [],
    "commission": {
        "totalPriceInCents": 3723,
        "gatewayFeeInCents": 0,
        "userCommissionInCents": 3723
    },
    "isTest": false
}
----------------------------------------
[2025-07-26 14:12:39] 📤 Dados formatados para Utmify
Dados: {
    "orderId": "a9399df8-d6ff-4b62-a301-41b618f9563a",
    "platform": "PayHubr",
    "paymentMethod": "pix",
    "status": "waiting_payment",
    "createdAt": "2025-07-26 14:12:39",
    "approvedDate": null,
    "refundedAt": null,
    "customer": {
        "name": "Helena Gomes Santos",
        "email": "clienteteste@gmail.com",
        "phone": null,
        "document": "74420464526",
        "country": "BR",
        "ip": "45.148.96.49"
    },
    "products": [
        {
            "id": "PROD_6884e257a6726",
            "name": "Doa\u00e7\u00e3o",
            "planId": null,
            "planName": null,
            "quantity": 1,
            "priceInCents": 3723
        }
    ],
    "trackingParameters": {
        "src": null,
        "sck": null,
        "utm_source": null,
        "utm_campaign": null,
        "utm_medium": null,
        "utm_content": null,
        "utm_term": null,
        "xcod": null,
        "fbclid": null,
        "gclid": null,
        "ttclid": null
    },
    "commission": {
        "totalPriceInCents": 3723,
        "gatewayFeeInCents": 0,
        "userCommissionInCents": 3723
    },
    "isTest": false
}
----------------------------------------
[2025-07-26 14:12:39] 📡 Enviando requisição para Utmify
Dados: {
    "url": "https:\/\/api.utmify.com.br\/api-credentials\/orders",
    "headers": [
        "Content-Type: application\/json",
        "x-api-token: [REDACTED]"
    ]
}
----------------------------------------
[2025-07-26 14:12:39] ✅ Resposta da API Utmify
Dados: {
    "http_code": 404,
    "response": {
        "OK": false,
        "data": {
            "type": "API_CREDENTIAL"
        },
        "result": "ERROR",
        "statusCode": 404,
        "message": "API_CREDENTIAL_NOT_FOUND"
    }
}
----------------------------------------
[2025-07-26 14:12:39] ❌ Erro
Dados: {
    "message": "Erro na API Utmify. HTTP Code: 404"
}
----------------------------------------
