[2025-07-14 19:54:12] 📥 Dados recebidos do PayHubr
Dados: {
    "raw": "{\"orderId\":\"468cc5ae-9471-416e-88b9-28c59983d527\",\"platform\":\"MinhaPlataforma\",\"paymentMethod\":\"pix\",\"status\":\"waiting_payment\",\"createdAt\":\"2025-07-14 16:54:12\",\"approvedDate\":null,\"refundedAt\":null,\"customer\":{\"name\":\"Arthur Oliveira Almeida\",\"email\":\"clienteteste@gmail.com\",\"phone\":null,\"document\":\"61628007680\",\"country\":\"BR\",\"ip\":\"179.193.104.60\"},\"products\":[{\"id\":\"PROD_68756064b01b3\",\"name\":\"Doa\\u00e7\\u00e3o\",\"planId\":null,\"planName\":null,\"quantity\":1,\"priceInCents\":3723}],\"trackingParameters\":{\"utm_source\":\"{{utm_source}}\",\"utm_medium\":\"{{utm_medium}}\",\"utm_campaign\":\"{{utm_campaign}}\",\"utm_content\":\"{{utm_content}}\",\"utm_term\":\"{{utm_term}}\",\"xcod\":\"{{xcod}}\"},\"commission\":{\"totalPriceInCents\":3723,\"gatewayFeeInCents\":0,\"userCommissionInCents\":3723},\"isTest\":false}"
}
----------------------------------------
[2025-07-14 19:54:12] 🔄 Processando dados recebidos
Dados: {
    "orderId": "468cc5ae-9471-416e-88b9-28c59983d527",
    "platform": "MinhaPlataforma",
    "paymentMethod": "pix",
    "status": "waiting_payment",
    "createdAt": "2025-07-14 16:54:12",
    "approvedDate": null,
    "refundedAt": null,
    "customer": {
        "name": "Arthur Oliveira Almeida",
        "email": "clienteteste@gmail.com",
        "phone": null,
        "document": "61628007680",
        "country": "BR",
        "ip": "179.193.104.60"
    },
    "products": [
        {
            "id": "PROD_68756064b01b3",
            "name": "Doa\u00e7\u00e3o",
            "planId": null,
            "planName": null,
            "quantity": 1,
            "priceInCents": 3723
        }
    ],
    "trackingParameters": {
        "utm_source": "{{utm_source}}",
        "utm_medium": "{{utm_medium}}",
        "utm_campaign": "{{utm_campaign}}",
        "utm_content": "{{utm_content}}",
        "utm_term": "{{utm_term}}",
        "xcod": "{{xcod}}"
    },
    "commission": {
        "totalPriceInCents": 3723,
        "gatewayFeeInCents": 0,
        "userCommissionInCents": 3723
    },
    "isTest": false
}
----------------------------------------
[2025-07-14 19:54:12] 📤 Dados formatados para Utmify
Dados: {
    "orderId": "468cc5ae-9471-416e-88b9-28c59983d527",
    "platform": "PayHubr",
    "paymentMethod": "pix",
    "status": "waiting_payment",
    "createdAt": "2025-07-14 19:54:12",
    "approvedDate": null,
    "refundedAt": null,
    "customer": {
        "name": "Arthur Oliveira Almeida",
        "email": "clienteteste@gmail.com",
        "phone": null,
        "document": "61628007680",
        "country": "BR",
        "ip": "45.148.96.49"
    },
    "products": [
        {
            "id": "PROD_68756064b01b3",
            "name": "Doa\u00e7\u00e3o",
            "planId": null,
            "planName": null,
            "quantity": 1,
            "priceInCents": 3723
        }
    ],
    "trackingParameters": {
        "src": null,
        "sck": null,
        "utm_source": "{{utm_source}}",
        "utm_campaign": "{{utm_campaign}}",
        "utm_medium": "{{utm_medium}}",
        "utm_content": "{{utm_content}}",
        "utm_term": "{{utm_term}}",
        "xcod": "{{xcod}}",
        "fbclid": null,
        "gclid": null,
        "ttclid": null
    },
    "commission": {
        "totalPriceInCents": 3723,
        "gatewayFeeInCents": 0,
        "userCommissionInCents": 3723
    },
    "isTest": false
}
----------------------------------------
[2025-07-14 19:54:12] 📡 Enviando requisição para Utmify
Dados: {
    "url": "https:\/\/api.utmify.com.br\/api-credentials\/orders",
    "headers": [
        "Content-Type: application\/json",
        "x-api-token: [REDACTED]"
    ]
}
----------------------------------------
[2025-07-14 19:54:12] ✅ Resposta da API Utmify
Dados: {
    "http_code": 404,
    "response": {
        "OK": false,
        "data": {
            "type": "API_CREDENTIAL"
        },
        "result": "ERROR",
        "statusCode": 404,
        "message": "API_CREDENTIAL_NOT_FOUND"
    }
}
----------------------------------------
[2025-07-14 19:54:12] ❌ Erro
Dados: {
    "message": "Erro na API Utmify. HTTP Code: 404"
}
----------------------------------------
