[2025-07-01 12:54:07] 📥 Dados recebidos do PayHubr
Dados: {
    "raw": "{\"orderId\":\"b4c801ce-0fc8-4bcb-bc7e-dac906190869\",\"platform\":\"MinhaPlataforma\",\"paymentMethod\":\"pix\",\"status\":\"waiting_payment\",\"createdAt\":\"2025-07-01 09:54:07\",\"approvedDate\":null,\"refundedAt\":null,\"customer\":{\"name\":\"Isabella Silva Santos\",\"email\":\"clienteteste@gmail.com\",\"phone\":null,\"document\":\"74261506076\",\"country\":\"BR\",\"ip\":\"187.183.38.173\"},\"products\":[{\"id\":\"PROD_6863da6f19dd0\",\"name\":\"Doa\\u00e7\\u00e3o\",\"planId\":null,\"planName\":null,\"quantity\":1,\"priceInCents\":5573}],\"trackingParameters\":{\"utm_source\":\"FBjLj685a941fdb49e8b07dd71ae7\",\"utm_medium\":\"CAIXINHA|120227833975640061\",\"utm_campaign\":\"24-06 CTV 14 DARK \\u2014 C\\u00f3pia|120227833973660061\",\"utm_content\":\"14|120227833976060061\",\"utm_term\":\"Facebook_Mobile_Feed\",\"xcod\":\"FBjLj685a941fdb49e8b07dd71ae7hQwK21wXxR24-06 CTV 14 DARK \\u2014 C\\u00f3pia|120227833973660061hQwK21wXxRCAIXINHA|120227833975640061hQwK21wXxR14|120227833976060061hQwK21wXxRFacebook_Mobile_Feed\",\"sck\":\"FBjLj685a941fdb49e8b07dd71ae7hQwK21wXxR24-06 CTV 14 DARK \\u2014 C\\u00f3pia|120227833973660061hQwK21wXxRCAIXINHA|120227833975640061hQwK21wXxR14|120227833976060061hQwK21wXxRFacebook_Mobile_Feed\"},\"commission\":{\"totalPriceInCents\":5573,\"gatewayFeeInCents\":0,\"userCommissionInCents\":5573},\"isTest\":false}"
}
----------------------------------------
[2025-07-01 12:54:07] 🔄 Processando dados recebidos
Dados: {
    "orderId": "b4c801ce-0fc8-4bcb-bc7e-dac906190869",
    "platform": "MinhaPlataforma",
    "paymentMethod": "pix",
    "status": "waiting_payment",
    "createdAt": "2025-07-01 09:54:07",
    "approvedDate": null,
    "refundedAt": null,
    "customer": {
        "name": "Isabella Silva Santos",
        "email": "clienteteste@gmail.com",
        "phone": null,
        "document": "74261506076",
        "country": "BR",
        "ip": "187.183.38.173"
    },
    "products": [
        {
            "id": "PROD_6863da6f19dd0",
            "name": "Doa\u00e7\u00e3o",
            "planId": null,
            "planName": null,
            "quantity": 1,
            "priceInCents": 5573
        }
    ],
    "trackingParameters": {
        "utm_source": "FBjLj685a941fdb49e8b07dd71ae7",
        "utm_medium": "CAIXINHA|120227833975640061",
        "utm_campaign": "24-06 CTV 14 DARK \u2014 C\u00f3pia|120227833973660061",
        "utm_content": "14|120227833976060061",
        "utm_term": "Facebook_Mobile_Feed",
        "xcod": "FBjLj685a941fdb49e8b07dd71ae7hQwK21wXxR24-06 CTV 14 DARK \u2014 C\u00f3pia|120227833973660061hQwK21wXxRCAIXINHA|120227833975640061hQwK21wXxR14|120227833976060061hQwK21wXxRFacebook_Mobile_Feed",
        "sck": "FBjLj685a941fdb49e8b07dd71ae7hQwK21wXxR24-06 CTV 14 DARK \u2014 C\u00f3pia|120227833973660061hQwK21wXxRCAIXINHA|120227833975640061hQwK21wXxR14|120227833976060061hQwK21wXxRFacebook_Mobile_Feed"
    },
    "commission": {
        "totalPriceInCents": 5573,
        "gatewayFeeInCents": 0,
        "userCommissionInCents": 5573
    },
    "isTest": false
}
----------------------------------------
[2025-07-01 12:54:07] 📤 Dados formatados para Utmify
Dados: {
    "orderId": "b4c801ce-0fc8-4bcb-bc7e-dac906190869",
    "platform": "PayHubr",
    "paymentMethod": "pix",
    "status": "waiting_payment",
    "createdAt": "2025-07-01 12:54:07",
    "approvedDate": null,
    "refundedAt": null,
    "customer": {
        "name": "Isabella Silva Santos",
        "email": "clienteteste@gmail.com",
        "phone": null,
        "document": "74261506076",
        "country": "BR",
        "ip": "45.148.96.49"
    },
    "products": [
        {
            "id": "PROD_6863da6f19dd0",
            "name": "Doa\u00e7\u00e3o",
            "planId": null,
            "planName": null,
            "quantity": 1,
            "priceInCents": 5573
        }
    ],
    "trackingParameters": {
        "src": null,
        "sck": "FBjLj685a941fdb49e8b07dd71ae7hQwK21wXxR24-06 CTV 14 DARK \u2014 C\u00f3pia|120227833973660061hQwK21wXxRCAIXINHA|120227833975640061hQwK21wXxR14|120227833976060061hQwK21wXxRFacebook_Mobile_Feed",
        "utm_source": "FBjLj685a941fdb49e8b07dd71ae7",
        "utm_campaign": "24-06 CTV 14 DARK \u2014 C\u00f3pia|120227833973660061",
        "utm_medium": "CAIXINHA|120227833975640061",
        "utm_content": "14|120227833976060061",
        "utm_term": "Facebook_Mobile_Feed",
        "xcod": "FBjLj685a941fdb49e8b07dd71ae7hQwK21wXxR24-06 CTV 14 DARK \u2014 C\u00f3pia|120227833973660061hQwK21wXxRCAIXINHA|120227833975640061hQwK21wXxR14|120227833976060061hQwK21wXxRFacebook_Mobile_Feed",
        "fbclid": null,
        "gclid": null,
        "ttclid": null
    },
    "commission": {
        "totalPriceInCents": 5573,
        "gatewayFeeInCents": 0,
        "userCommissionInCents": 5573
    },
    "isTest": false
}
----------------------------------------
[2025-07-01 12:54:07] 📡 Enviando requisição para Utmify
Dados: {
    "url": "https:\/\/api.utmify.com.br\/api-credentials\/orders",
    "headers": [
        "Content-Type: application\/json",
        "x-api-token: [REDACTED]"
    ]
}
----------------------------------------
[2025-07-01 12:54:07] ✅ Resposta da API Utmify
Dados: {
    "http_code": 200,
    "response": {
        "OK": true,
        "data": [],
        "result": "SUCCESS"
    }
}
----------------------------------------
[2025-07-01 14:13:07] 📥 Dados recebidos do PayHubr
Dados: {
    "raw": "{\"orderId\":\"88a65a5d-2734-46dc-995d-02a8236a885f\",\"platform\":\"MinhaPlataforma\",\"paymentMethod\":\"pix\",\"status\":\"waiting_payment\",\"createdAt\":\"2025-07-01 11:13:07\",\"approvedDate\":null,\"refundedAt\":null,\"customer\":{\"name\":\"Luiza Rodrigues Pereira\",\"email\":\"clienteteste@gmail.com\",\"phone\":null,\"document\":\"77471100060\",\"country\":\"BR\",\"ip\":\"138.118.136.5\"},\"products\":[{\"id\":\"PROD_6863ecf383c82\",\"name\":\"Doa\\u00e7\\u00e3o\",\"planId\":null,\"planName\":null,\"quantity\":1,\"priceInCents\":5573}],\"trackingParameters\":{\"utm_source\":\"FBjLj685a89bb85cd02540534ab08\",\"utm_medium\":\"CAIXINHA|120227833974200061\",\"utm_campaign\":\"24-06 CTV 06 DARK \\u2014 C\\u00f3pia|120227833974210061\",\"utm_content\":\"06|120227833975190061\",\"utm_term\":\"Facebook_Mobile_Feed\",\"xcod\":\"FBjLj685a89bb85cd02540534ab08hQwK21wXxR24-06 CTV 06 DARK \\u2014 C\\u00f3pia|120227833974210061hQwK21wXxRCAIXINHA|120227833974200061hQwK21wXxR06|120227833975190061hQwK21wXxRFacebook_Mobile_Feed\",\"sck\":\"FBjLj685a89bb85cd02540534ab08hQwK21wXxR24-06 CTV 06 DARK \\u2014 C\\u00f3pia|120227833974210061hQwK21wXxRCAIXINHA|120227833974200061hQwK21wXxR06|120227833975190061hQwK21wXxRFacebook_Mobile_Feed\"},\"commission\":{\"totalPriceInCents\":5573,\"gatewayFeeInCents\":0,\"userCommissionInCents\":5573},\"isTest\":false}"
}
----------------------------------------
[2025-07-01 14:13:07] 🔄 Processando dados recebidos
Dados: {
    "orderId": "88a65a5d-2734-46dc-995d-02a8236a885f",
    "platform": "MinhaPlataforma",
    "paymentMethod": "pix",
    "status": "waiting_payment",
    "createdAt": "2025-07-01 11:13:07",
    "approvedDate": null,
    "refundedAt": null,
    "customer": {
        "name": "Luiza Rodrigues Pereira",
        "email": "clienteteste@gmail.com",
        "phone": null,
        "document": "77471100060",
        "country": "BR",
        "ip": "138.118.136.5"
    },
    "products": [
        {
            "id": "PROD_6863ecf383c82",
            "name": "Doa\u00e7\u00e3o",
            "planId": null,
            "planName": null,
            "quantity": 1,
            "priceInCents": 5573
        }
    ],
    "trackingParameters": {
        "utm_source": "FBjLj685a89bb85cd02540534ab08",
        "utm_medium": "CAIXINHA|120227833974200061",
        "utm_campaign": "24-06 CTV 06 DARK \u2014 C\u00f3pia|120227833974210061",
        "utm_content": "06|120227833975190061",
        "utm_term": "Facebook_Mobile_Feed",
        "xcod": "FBjLj685a89bb85cd02540534ab08hQwK21wXxR24-06 CTV 06 DARK \u2014 C\u00f3pia|120227833974210061hQwK21wXxRCAIXINHA|120227833974200061hQwK21wXxR06|120227833975190061hQwK21wXxRFacebook_Mobile_Feed",
        "sck": "FBjLj685a89bb85cd02540534ab08hQwK21wXxR24-06 CTV 06 DARK \u2014 C\u00f3pia|120227833974210061hQwK21wXxRCAIXINHA|120227833974200061hQwK21wXxR06|120227833975190061hQwK21wXxRFacebook_Mobile_Feed"
    },
    "commission": {
        "totalPriceInCents": 5573,
        "gatewayFeeInCents": 0,
        "userCommissionInCents": 5573
    },
    "isTest": false
}
----------------------------------------
[2025-07-01 14:13:07] 📤 Dados formatados para Utmify
Dados: {
    "orderId": "88a65a5d-2734-46dc-995d-02a8236a885f",
    "platform": "PayHubr",
    "paymentMethod": "pix",
    "status": "waiting_payment",
    "createdAt": "2025-07-01 14:13:07",
    "approvedDate": null,
    "refundedAt": null,
    "customer": {
        "name": "Luiza Rodrigues Pereira",
        "email": "clienteteste@gmail.com",
        "phone": null,
        "document": "77471100060",
        "country": "BR",
        "ip": "45.148.96.49"
    },
    "products": [
        {
            "id": "PROD_6863ecf383c82",
            "name": "Doa\u00e7\u00e3o",
            "planId": null,
            "planName": null,
            "quantity": 1,
            "priceInCents": 5573
        }
    ],
    "trackingParameters": {
        "src": null,
        "sck": "FBjLj685a89bb85cd02540534ab08hQwK21wXxR24-06 CTV 06 DARK \u2014 C\u00f3pia|120227833974210061hQwK21wXxRCAIXINHA|120227833974200061hQwK21wXxR06|120227833975190061hQwK21wXxRFacebook_Mobile_Feed",
        "utm_source": "FBjLj685a89bb85cd02540534ab08",
        "utm_campaign": "24-06 CTV 06 DARK \u2014 C\u00f3pia|120227833974210061",
        "utm_medium": "CAIXINHA|120227833974200061",
        "utm_content": "06|120227833975190061",
        "utm_term": "Facebook_Mobile_Feed",
        "xcod": "FBjLj685a89bb85cd02540534ab08hQwK21wXxR24-06 CTV 06 DARK \u2014 C\u00f3pia|120227833974210061hQwK21wXxRCAIXINHA|120227833974200061hQwK21wXxR06|120227833975190061hQwK21wXxRFacebook_Mobile_Feed",
        "fbclid": null,
        "gclid": null,
        "ttclid": null
    },
    "commission": {
        "totalPriceInCents": 5573,
        "gatewayFeeInCents": 0,
        "userCommissionInCents": 5573
    },
    "isTest": false
}
----------------------------------------
[2025-07-01 14:13:07] 📡 Enviando requisição para Utmify
Dados: {
    "url": "https:\/\/api.utmify.com.br\/api-credentials\/orders",
    "headers": [
        "Content-Type: application\/json",
        "x-api-token: [REDACTED]"
    ]
}
----------------------------------------
[2025-07-01 14:13:07] ✅ Resposta da API Utmify
Dados: {
    "http_code": 200,
    "response": {
        "OK": true,
        "data": [],
        "result": "SUCCESS"
    }
}
----------------------------------------
[2025-07-01 14:18:15] 📥 Dados recebidos do PayHubr
Dados: {
    "raw": "{\"orderId\":\"db5908d3-59a1-4b8f-81bd-316d10c236af\",\"platform\":\"MinhaPlataforma\",\"paymentMethod\":\"pix\",\"status\":\"waiting_payment\",\"createdAt\":\"2025-07-01 11:18:15\",\"approvedDate\":null,\"refundedAt\":null,\"customer\":{\"name\":\"Alice Souza Ribeiro\",\"email\":\"clienteteste@gmail.com\",\"phone\":null,\"document\":\"74886476376\",\"country\":\"BR\",\"ip\":\"138.118.136.5\"},\"products\":[{\"id\":\"PROD_6863ee27a5ed0\",\"name\":\"Doa\\u00e7\\u00e3o\",\"planId\":null,\"planName\":null,\"quantity\":1,\"priceInCents\":5573}],\"trackingParameters\":{\"utm_source\":\"FBjLj685a89bb85cd02540534ab08\",\"utm_medium\":\"CAIXINHA|120227833974200061\",\"utm_campaign\":\"24-06 CTV 06 DARK \\u2014 C\\u00f3pia|120227833974210061\",\"utm_content\":\"06|120227833975190061\",\"utm_term\":\"Facebook_Mobile_Feed\",\"xcod\":\"FBjLj685a89bb85cd02540534ab08hQwK21wXxR24-06 CTV 06 DARK \\u2014 C\\u00f3pia|120227833974210061hQwK21wXxRCAIXINHA|120227833974200061hQwK21wXxR06|120227833975190061hQwK21wXxRFacebook_Mobile_Feed\",\"sck\":\"FBjLj685a89bb85cd02540534ab08hQwK21wXxR24-06 CTV 06 DARK \\u2014 C\\u00f3pia|120227833974210061hQwK21wXxRCAIXINHA|120227833974200061hQwK21wXxR06|120227833975190061hQwK21wXxRFacebook_Mobile_Feed\"},\"commission\":{\"totalPriceInCents\":5573,\"gatewayFeeInCents\":0,\"userCommissionInCents\":5573},\"isTest\":false}"
}
----------------------------------------
[2025-07-01 14:18:15] 🔄 Processando dados recebidos
Dados: {
    "orderId": "db5908d3-59a1-4b8f-81bd-316d10c236af",
    "platform": "MinhaPlataforma",
    "paymentMethod": "pix",
    "status": "waiting_payment",
    "createdAt": "2025-07-01 11:18:15",
    "approvedDate": null,
    "refundedAt": null,
    "customer": {
        "name": "Alice Souza Ribeiro",
        "email": "clienteteste@gmail.com",
        "phone": null,
        "document": "74886476376",
        "country": "BR",
        "ip": "138.118.136.5"
    },
    "products": [
        {
            "id": "PROD_6863ee27a5ed0",
            "name": "Doa\u00e7\u00e3o",
            "planId": null,
            "planName": null,
            "quantity": 1,
            "priceInCents": 5573
        }
    ],
    "trackingParameters": {
        "utm_source": "FBjLj685a89bb85cd02540534ab08",
        "utm_medium": "CAIXINHA|120227833974200061",
        "utm_campaign": "24-06 CTV 06 DARK \u2014 C\u00f3pia|120227833974210061",
        "utm_content": "06|120227833975190061",
        "utm_term": "Facebook_Mobile_Feed",
        "xcod": "FBjLj685a89bb85cd02540534ab08hQwK21wXxR24-06 CTV 06 DARK \u2014 C\u00f3pia|120227833974210061hQwK21wXxRCAIXINHA|120227833974200061hQwK21wXxR06|120227833975190061hQwK21wXxRFacebook_Mobile_Feed",
        "sck": "FBjLj685a89bb85cd02540534ab08hQwK21wXxR24-06 CTV 06 DARK \u2014 C\u00f3pia|120227833974210061hQwK21wXxRCAIXINHA|120227833974200061hQwK21wXxR06|120227833975190061hQwK21wXxRFacebook_Mobile_Feed"
    },
    "commission": {
        "totalPriceInCents": 5573,
        "gatewayFeeInCents": 0,
        "userCommissionInCents": 5573
    },
    "isTest": false
}
----------------------------------------
[2025-07-01 14:18:15] 📤 Dados formatados para Utmify
Dados: {
    "orderId": "db5908d3-59a1-4b8f-81bd-316d10c236af",
    "platform": "PayHubr",
    "paymentMethod": "pix",
    "status": "waiting_payment",
    "createdAt": "2025-07-01 14:18:15",
    "approvedDate": null,
    "refundedAt": null,
    "customer": {
        "name": "Alice Souza Ribeiro",
        "email": "clienteteste@gmail.com",
        "phone": null,
        "document": "74886476376",
        "country": "BR",
        "ip": "45.148.96.49"
    },
    "products": [
        {
            "id": "PROD_6863ee27a5ed0",
            "name": "Doa\u00e7\u00e3o",
            "planId": null,
            "planName": null,
            "quantity": 1,
            "priceInCents": 5573
        }
    ],
    "trackingParameters": {
        "src": null,
        "sck": "FBjLj685a89bb85cd02540534ab08hQwK21wXxR24-06 CTV 06 DARK \u2014 C\u00f3pia|120227833974210061hQwK21wXxRCAIXINHA|120227833974200061hQwK21wXxR06|120227833975190061hQwK21wXxRFacebook_Mobile_Feed",
        "utm_source": "FBjLj685a89bb85cd02540534ab08",
        "utm_campaign": "24-06 CTV 06 DARK \u2014 C\u00f3pia|120227833974210061",
        "utm_medium": "CAIXINHA|120227833974200061",
        "utm_content": "06|120227833975190061",
        "utm_term": "Facebook_Mobile_Feed",
        "xcod": "FBjLj685a89bb85cd02540534ab08hQwK21wXxR24-06 CTV 06 DARK \u2014 C\u00f3pia|120227833974210061hQwK21wXxRCAIXINHA|120227833974200061hQwK21wXxR06|120227833975190061hQwK21wXxRFacebook_Mobile_Feed",
        "fbclid": null,
        "gclid": null,
        "ttclid": null
    },
    "commission": {
        "totalPriceInCents": 5573,
        "gatewayFeeInCents": 0,
        "userCommissionInCents": 5573
    },
    "isTest": false
}
----------------------------------------
[2025-07-01 14:18:15] 📡 Enviando requisição para Utmify
Dados: {
    "url": "https:\/\/api.utmify.com.br\/api-credentials\/orders",
    "headers": [
        "Content-Type: application\/json",
        "x-api-token: [REDACTED]"
    ]
}
----------------------------------------
[2025-07-01 14:18:15] ✅ Resposta da API Utmify
Dados: {
    "http_code": 200,
    "response": {
        "OK": true,
        "data": [],
        "result": "SUCCESS"
    }
}
----------------------------------------
[2025-07-01 15:21:04] 📥 Dados recebidos do PayHubr
Dados: {
    "raw": "{\"orderId\":\"daf43a0e-316c-4100-9ed3-aafb60cd973b\",\"platform\":\"MinhaPlataforma\",\"paymentMethod\":\"pix\",\"status\":\"waiting_payment\",\"createdAt\":\"2025-07-01 12:21:04\",\"approvedDate\":null,\"refundedAt\":null,\"customer\":{\"name\":\"Miguel Martins Alves\",\"email\":\"clienteteste@gmail.com\",\"phone\":null,\"document\":\"53825355314\",\"country\":\"BR\",\"ip\":\"186.216.181.42\"},\"products\":[{\"id\":\"PROD_6863fce039f60\",\"name\":\"Doa\\u00e7\\u00e3o\",\"planId\":null,\"planName\":null,\"quantity\":1,\"priceInCents\":5573}],\"trackingParameters\":{\"utm_source\":\"FBjLj68552a824dc854ebf9acb3f5\",\"utm_medium\":\"CX|120226736708710470\",\"utm_campaign\":\"20-06 CTV 14 PREZINHA DARK \\u2014 C\\u00f3pia|120226736708960470\",\"utm_content\":\"14|120226736709030470\",\"utm_term\":\"Facebook_Mobile_Feed\",\"xcod\":\"FBjLj68552a824dc854ebf9acb3f5hQwK21wXxR20-06 CTV 14 PREZINHA DARK \\u2014 C\\u00f3pia|120226736708960470hQwK21wXxRCX|120226736708710470hQwK21wXxR14|120226736709030470hQwK21wXxRFacebook_Mobile_Feed\",\"sck\":\"FBjLj68552a824dc854ebf9acb3f5hQwK21wXxR20-06 CTV 14 PREZINHA DARK \\u2014 C\\u00f3pia|120226736708960470hQwK21wXxRCX|120226736708710470hQwK21wXxR14|120226736709030470hQwK21wXxRFacebook_Mobile_Feed\"},\"commission\":{\"totalPriceInCents\":5573,\"gatewayFeeInCents\":0,\"userCommissionInCents\":5573},\"isTest\":false}"
}
----------------------------------------
[2025-07-01 15:21:04] 🔄 Processando dados recebidos
Dados: {
    "orderId": "daf43a0e-316c-4100-9ed3-aafb60cd973b",
    "platform": "MinhaPlataforma",
    "paymentMethod": "pix",
    "status": "waiting_payment",
    "createdAt": "2025-07-01 12:21:04",
    "approvedDate": null,
    "refundedAt": null,
    "customer": {
        "name": "Miguel Martins Alves",
        "email": "clienteteste@gmail.com",
        "phone": null,
        "document": "53825355314",
        "country": "BR",
        "ip": "186.216.181.42"
    },
    "products": [
        {
            "id": "PROD_6863fce039f60",
            "name": "Doa\u00e7\u00e3o",
            "planId": null,
            "planName": null,
            "quantity": 1,
            "priceInCents": 5573
        }
    ],
    "trackingParameters": {
        "utm_source": "FBjLj68552a824dc854ebf9acb3f5",
        "utm_medium": "CX|120226736708710470",
        "utm_campaign": "20-06 CTV 14 PREZINHA DARK \u2014 C\u00f3pia|120226736708960470",
        "utm_content": "14|120226736709030470",
        "utm_term": "Facebook_Mobile_Feed",
        "xcod": "FBjLj68552a824dc854ebf9acb3f5hQwK21wXxR20-06 CTV 14 PREZINHA DARK \u2014 C\u00f3pia|120226736708960470hQwK21wXxRCX|120226736708710470hQwK21wXxR14|120226736709030470hQwK21wXxRFacebook_Mobile_Feed",
        "sck": "FBjLj68552a824dc854ebf9acb3f5hQwK21wXxR20-06 CTV 14 PREZINHA DARK \u2014 C\u00f3pia|120226736708960470hQwK21wXxRCX|120226736708710470hQwK21wXxR14|120226736709030470hQwK21wXxRFacebook_Mobile_Feed"
    },
    "commission": {
        "totalPriceInCents": 5573,
        "gatewayFeeInCents": 0,
        "userCommissionInCents": 5573
    },
    "isTest": false
}
----------------------------------------
[2025-07-01 15:21:04] 📤 Dados formatados para Utmify
Dados: {
    "orderId": "daf43a0e-316c-4100-9ed3-aafb60cd973b",
    "platform": "PayHubr",
    "paymentMethod": "pix",
    "status": "waiting_payment",
    "createdAt": "2025-07-01 15:21:04",
    "approvedDate": null,
    "refundedAt": null,
    "customer": {
        "name": "Miguel Martins Alves",
        "email": "clienteteste@gmail.com",
        "phone": null,
        "document": "53825355314",
        "country": "BR",
        "ip": "45.148.96.49"
    },
    "products": [
        {
            "id": "PROD_6863fce039f60",
            "name": "Doa\u00e7\u00e3o",
            "planId": null,
            "planName": null,
            "quantity": 1,
            "priceInCents": 5573
        }
    ],
    "trackingParameters": {
        "src": null,
        "sck": "FBjLj68552a824dc854ebf9acb3f5hQwK21wXxR20-06 CTV 14 PREZINHA DARK \u2014 C\u00f3pia|120226736708960470hQwK21wXxRCX|120226736708710470hQwK21wXxR14|120226736709030470hQwK21wXxRFacebook_Mobile_Feed",
        "utm_source": "FBjLj68552a824dc854ebf9acb3f5",
        "utm_campaign": "20-06 CTV 14 PREZINHA DARK \u2014 C\u00f3pia|120226736708960470",
        "utm_medium": "CX|120226736708710470",
        "utm_content": "14|120226736709030470",
        "utm_term": "Facebook_Mobile_Feed",
        "xcod": "FBjLj68552a824dc854ebf9acb3f5hQwK21wXxR20-06 CTV 14 PREZINHA DARK \u2014 C\u00f3pia|120226736708960470hQwK21wXxRCX|120226736708710470hQwK21wXxR14|120226736709030470hQwK21wXxRFacebook_Mobile_Feed",
        "fbclid": null,
        "gclid": null,
        "ttclid": null
    },
    "commission": {
        "totalPriceInCents": 5573,
        "gatewayFeeInCents": 0,
        "userCommissionInCents": 5573
    },
    "isTest": false
}
----------------------------------------
[2025-07-01 15:21:04] 📡 Enviando requisição para Utmify
Dados: {
    "url": "https:\/\/api.utmify.com.br\/api-credentials\/orders",
    "headers": [
        "Content-Type: application\/json",
        "x-api-token: [REDACTED]"
    ]
}
----------------------------------------
[2025-07-01 15:21:04] ✅ Resposta da API Utmify
Dados: {
    "http_code": 200,
    "response": {
        "OK": true,
        "data": [],
        "result": "SUCCESS"
    }
}
----------------------------------------
